' onclick="injectContentInto( 'injectHere',  './all-html-files.html
' onclick="injectContentInto( 'injectHere',  './content/GTK3/Core References/Accelerator Groups.html
' onclick="injectContentInto( 'injectHere',  './content/GTK3/Core References/DaD.html
' onclick="injectContentInto( 'injectHere',  './content/GTK3/Core References/Main loop.html
' onclick="injectContentInto( 'injectHere',  './content/GTK3/Core References/Selections.html
' onclick="injectContentInto( 'injectHere',  './content/GTK3/Core References/Verison Info.html
' onclick="injectContentInto( 'injectHere',  './content/GTK3/Core References/GTK Core References.html
' onclick="injectContentInto( 'injectHere',  './content/GTK3/Core References/Testing.html
' onclick="injectContentInto( 'injectHere',  './content/GTK3/Core References/Accelerator Maps.html
' onclick="injectContentInto( 'injectHere',  './content/GTK3/Core References/Filesystem utilities.html
' onclick="injectContentInto( 'injectHere',  './content/GTK3/Core References/Clipboards.html
' onclick="injectContentInto( 'injectHere',  './content/GTK3/Core References/Standard Enumerations.html
' onclick="injectContentInto( 'injectHere',  './content/GTK3/Core References/Settings.html
' onclick="injectContentInto( 'injectHere',  './content/GTK3/Core References/Bindings.html
' onclick="injectContentInto( 'injectHere',  './content/GTK3/Theming/CSS Overview.html
' onclick="injectContentInto( 'injectHere',  './content/GTK3/Theming/GtkStyleProperties.html
' onclick="injectContentInto( 'injectHere',  './content/GTK3/Theming/GtkStyleProvider.html
' onclick="injectContentInto( 'injectHere',  './content/GTK3/Theming/GtkStyleContext.html
' onclick="injectContentInto( 'injectHere',  './content/GTK3/Theming/GtkWidgetPath.html
' onclick="injectContentInto( 'injectHere',  './content/GTK3/Theming/CSS Properties.html
' onclick="injectContentInto( 'injectHere',  './content/GTK3/Theming/Theming GTK.html
' onclick="injectContentInto( 'injectHere',  './content/GTK3/Theming/GtkCssProvider.html
' onclick="injectContentInto( 'injectHere',  './content/GTK3/Theming/GtkIconTheme.html
' onclick="injectContentInto( 'injectHere',  './content/GTK3/Glossary/Glossary.html
' onclick="injectContentInto( 'injectHere',  './content/GTK3/Widgets Objects/Selector Widget/GtkFontChooserWidget.html
' onclick="injectContentInto( 'injectHere',  './content/GTK3/Widgets Objects/Selector Widget/GtkFontButton.html
' onclick="injectContentInto( 'injectHere',  './content/GTK3/Widgets Objects/Selector Widget/Selector Widget.html
' onclick="injectContentInto( 'injectHere',  './content/GTK3/Widgets Objects/Selector Widget/GtkPlacesSidebar.html
' onclick="injectContentInto( 'injectHere',  './content/GTK3/Widgets Objects/Selector Widget/GtkFileChooserWidget.html
' onclick="injectContentInto( 'injectHere',  './content/GTK3/Widgets Objects/Selector Widget/GtkFontChooser.html
' onclick="injectContentInto( 'injectHere',  './content/GTK3/Widgets Objects/Selector Widget/GtkColorButton.html
' onclick="injectContentInto( 'injectHere',  './content/GTK3/Widgets Objects/Selector Widget/GtkFileChooserDialog.html
' onclick="injectContentInto( 'injectHere',  './content/GTK3/Widgets Objects/Selector Widget/GtkFileChooserButton.html
' onclick="injectContentInto( 'injectHere',  './content/GTK3/Widgets Objects/Selector Widget/GtkFontChooserDialog.html
' onclick="injectContentInto( 'injectHere',  './content/GTK3/Widgets Objects/Selector Widget/GtkFileChooser.html
' onclick="injectContentInto( 'injectHere',  './content/GTK3/Widgets Objects/Selector Widget/GtkColorChooserWidget.html
' onclick="injectContentInto( 'injectHere',  './content/GTK3/Widgets Objects/Selector Widget/GtkFileChooserNative.html
' onclick="injectContentInto( 'injectHere',  './content/GTK3/Widgets Objects/Selector Widget/GtkFileFilter.html
' onclick="injectContentInto( 'injectHere',  './content/GTK3/Widgets Objects/Selector Widget/GtkColorChooser.html
' onclick="injectContentInto( 'injectHere',  './content/GTK3/Widgets Objects/Selector Widget/GtkColorChooserDialog.html
' onclick="injectContentInto( 'injectHere',  './content/GTK3/Widgets Objects/Display Widgets/GtkSpinner.html
' onclick="injectContentInto( 'injectHere',  './content/GTK3/Widgets Objects/Display Widgets/GtkLevelBar.html
' onclick="injectContentInto( 'injectHere',  './content/GTK3/Widgets Objects/Display Widgets/GtkProgressBar.html
' onclick="injectContentInto( 'injectHere',  './content/GTK3/Widgets Objects/Display Widgets/GtkImage.html
' onclick="injectContentInto( 'injectHere',  './content/GTK3/Widgets Objects/Display Widgets/GtkLabel.html
' onclick="injectContentInto( 'injectHere',  './content/GTK3/Widgets Objects/Display Widgets/GtkInfoBar.html
' onclick="injectContentInto( 'injectHere',  './content/GTK3/Widgets Objects/Display Widgets/Display Widgets.html
' onclick="injectContentInto( 'injectHere',  './content/GTK3/Widgets Objects/Display Widgets/GtkAccelLabel.html
' onclick="injectContentInto( 'injectHere',  './content/GTK3/Widgets Objects/Display Widgets/GtkStatusBar.html
' onclick="injectContentInto( 'injectHere',  './content/GTK3/Widgets Objects/Gestures handling/GtkGestureSwipe.html
' onclick="injectContentInto( 'injectHere',  './content/GTK3/Widgets Objects/Gestures handling/GtkGestureStylus.html
' onclick="injectContentInto( 'injectHere',  './content/GTK3/Widgets Objects/Gestures handling/GtkGesture.html
' onclick="injectContentInto( 'injectHere',  './content/GTK3/Widgets Objects/Gestures handling/GtkEventController.html
' onclick="injectContentInto( 'injectHere',  './content/GTK3/Widgets Objects/Gestures handling/GtkGestureLongPress.html
' onclick="injectContentInto( 'injectHere',  './content/GTK3/Widgets Objects/Gestures handling/GtkEventControllerMotion.html
' onclick="injectContentInto( 'injectHere',  './content/GTK3/Widgets Objects/Gestures handling/GtkGestureMultiPress.html
' onclick="injectContentInto( 'injectHere',  './content/GTK3/Widgets Objects/Gestures handling/Gestures handling.html
' onclick="injectContentInto( 'injectHere',  './content/GTK3/Widgets Objects/Gestures handling/GtkGesturePan.html
' onclick="injectContentInto( 'injectHere',  './content/GTK3/Widgets Objects/Gestures handling/GtkGestureZoom.html
' onclick="injectContentInto( 'injectHere',  './content/GTK3/Widgets Objects/Gestures handling/GtkPadController.html
' onclick="injectContentInto( 'injectHere',  './content/GTK3/Widgets Objects/Gestures handling/GtkGestureRotate.html
' onclick="injectContentInto( 'injectHere',  './content/GTK3/Widgets Objects/Gestures handling/GtkEventControllerScroll.html
' onclick="injectContentInto( 'injectHere',  './content/GTK3/Widgets Objects/Gestures handling/GtkEventControllerKey.html
' onclick="injectContentInto( 'injectHere',  './content/GTK3/Widgets Objects/Gestures handling/GtkGestureDrag.html
' onclick="injectContentInto( 'injectHere',  './content/GTK3/Widgets Objects/Gestures handling/GtkGestureSingle.html
' onclick="injectContentInto( 'injectHere',  './content/GTK3/Widgets Objects/GTK Widgets Objects.html
' onclick="injectContentInto( 'injectHere',  './content/GTK3/Widgets Objects/Buttons Toggles/GtkMenuButton.html
' onclick="injectContentInto( 'injectHere',  './content/GTK3/Widgets Objects/Buttons Toggles/GtkVolumeButton.html
' onclick="injectContentInto( 'injectHere',  './content/GTK3/Widgets Objects/Buttons Toggles/GtkLockButton.html
' onclick="injectContentInto( 'injectHere',  './content/GTK3/Widgets Objects/Buttons Toggles/GtkSwitch.html
' onclick="injectContentInto( 'injectHere',  './content/GTK3/Widgets Objects/Buttons Toggles/Buttons Toggles.html
' onclick="injectContentInto( 'injectHere',  './content/GTK3/Widgets Objects/Buttons Toggles/GtkCheckButton.html
' onclick="injectContentInto( 'injectHere',  './content/GTK3/Widgets Objects/Buttons Toggles/GtkModelButton.html
' onclick="injectContentInto( 'injectHere',  './content/GTK3/Widgets Objects/Buttons Toggles/GtkButton.html
' onclick="injectContentInto( 'injectHere',  './content/GTK3/Widgets Objects/Buttons Toggles/GtkToggleButton.html
' onclick="injectContentInto( 'injectHere',  './content/GTK3/Widgets Objects/Buttons Toggles/GtkLinkButton.html
' onclick="injectContentInto( 'injectHere',  './content/GTK3/Widgets Objects/Buttons Toggles/GtkScaleButton.html
' onclick="injectContentInto( 'injectHere',  './content/GTK3/Widgets Objects/Buttons Toggles/GtkRadioButton.html
' onclick="injectContentInto( 'injectHere',  './content/GTK3/Widgets Objects/Windows/GtkMessageDialog.html
' onclick="injectContentInto( 'injectHere',  './content/GTK3/Widgets Objects/Windows/GtkWindowGroup.html
' onclick="injectContentInto( 'injectHere',  './content/GTK3/Widgets Objects/Windows/GtkAssistant.html
' onclick="injectContentInto( 'injectHere',  './content/GTK3/Widgets Objects/Windows/Windows.html
' onclick="injectContentInto( 'injectHere',  './content/GTK3/Widgets Objects/Windows/GtkWindow.html
' onclick="injectContentInto( 'injectHere',  './content/GTK3/Widgets Objects/Windows/GtkOffscreen.html
' onclick="injectContentInto( 'injectHere',  './content/GTK3/Widgets Objects/Windows/GtkInvisible.html
' onclick="injectContentInto( 'injectHere',  './content/GTK3/Widgets Objects/Windows/GtkAboutDialog.html
' onclick="injectContentInto( 'injectHere',  './content/GTK3/Widgets Objects/Windows/GtkDialog.html
' onclick="injectContentInto( 'injectHere',  './content/GTK3/Widgets Objects/Abstract Base/GtkRange.html
' onclick="injectContentInto( 'injectHere',  './content/GTK3/Widgets Objects/Abstract Base/GtkMenuShell.html
' onclick="injectContentInto( 'injectHere',  './content/GTK3/Widgets Objects/Abstract Base/GtkIMContext.html
' onclick="injectContentInto( 'injectHere',  './content/GTK3/Widgets Objects/Abstract Base/GtkNativeDialog.html
' onclick="injectContentInto( 'injectHere',  './content/GTK3/Widgets Objects/Abstract Base/GtkBin.html
' onclick="injectContentInto( 'injectHere',  './content/GTK3/Widgets Objects/Abstract Base/GtkWidget.html
' onclick="injectContentInto( 'injectHere',  './content/GTK3/Widgets Objects/Abstract Base/Abstract Base.html
' onclick="injectContentInto( 'injectHere',  './content/GTK3/Widgets Objects/Abstract Base/GtkContainer.html
' onclick="injectContentInto( 'injectHere',  './content/GTK3/Widgets Objects/TLI Grid Widgets/GtkTreeModelFilter.html
' onclick="injectContentInto( 'injectHere',  './content/GTK3/Widgets Objects/TLI Grid Widgets/GtkCellRendererSpinner.html
' onclick="injectContentInto( 'injectHere',  './content/GTK3/Widgets Objects/TLI Grid Widgets/GtkCellRendererText.html
' onclick="injectContentInto( 'injectHere',  './content/GTK3/Widgets Objects/TLI Grid Widgets/GtkCellRendererPixbuf.html
' onclick="injectContentInto( 'injectHere',  './content/GTK3/Widgets Objects/TLI Grid Widgets/GtkTreeModelSort.html
' onclick="injectContentInto( 'injectHere',  './content/GTK3/Widgets Objects/TLI Grid Widgets/GtkCellRendererProgress.html
' onclick="injectContentInto( 'injectHere',  './content/GTK3/Widgets Objects/TLI Grid Widgets/GtkTreeView.html
' onclick="injectContentInto( 'injectHere',  './content/GTK3/Widgets Objects/TLI Grid Widgets/GtkTreeViewColumn.html
' onclick="injectContentInto( 'injectHere',  './content/GTK3/Widgets Objects/TLI Grid Widgets/GtkCellEditable.html
' onclick="injectContentInto( 'injectHere',  './content/GTK3/Widgets Objects/TLI Grid Widgets/GtkTreeSortable.html
' onclick="injectContentInto( 'injectHere',  './content/GTK3/Widgets Objects/TLI Grid Widgets/GtkCellAreaContext.html
' onclick="injectContentInto( 'injectHere',  './content/GTK3/Widgets Objects/TLI Grid Widgets/GtkCellRendererSpin.html
' onclick="injectContentInto( 'injectHere',  './content/GTK3/Widgets Objects/TLI Grid Widgets/GtkCellRendererToggle.html
' onclick="injectContentInto( 'injectHere',  './content/GTK3/Widgets Objects/TLI Grid Widgets/GtkTreeModel.html
' onclick="injectContentInto( 'injectHere',  './content/GTK3/Widgets Objects/TLI Grid Widgets/GtkListStore.html
' onclick="injectContentInto( 'injectHere',  './content/GTK3/Widgets Objects/TLI Grid Widgets/GtkCellRendererAccel.html
' onclick="injectContentInto( 'injectHere',  './content/GTK3/Widgets Objects/TLI Grid Widgets/GtkIconView.html
' onclick="injectContentInto( 'injectHere',  './content/GTK3/Widgets Objects/TLI Grid Widgets/GtkTreeView dad.html
' onclick="injectContentInto( 'injectHere',  './content/GTK3/Widgets Objects/TLI Grid Widgets/GtkCellArea.html
' onclick="injectContentInto( 'injectHere',  './content/GTK3/Widgets Objects/TLI Grid Widgets/GtkTreeSelection.html
' onclick="injectContentInto( 'injectHere',  './content/GTK3/Widgets Objects/TLI Grid Widgets/GtkCellAreaBox.html
' onclick="injectContentInto( 'injectHere',  './content/GTK3/Widgets Objects/TLI Grid Widgets/TL Widget Overview.html
' onclick="injectContentInto( 'injectHere',  './content/GTK3/Widgets Objects/TLI Grid Widgets/GtkCellRendererCombo.html
' onclick="injectContentInto( 'injectHere',  './content/GTK3/Widgets Objects/TLI Grid Widgets/GtkCellLayout.html
' onclick="injectContentInto( 'injectHere',  './content/GTK3/Widgets Objects/TLI Grid Widgets/TLI Grid Widgets.html
' onclick="injectContentInto( 'injectHere',  './content/GTK3/Widgets Objects/TLI Grid Widgets/GtkCellView.html
' onclick="injectContentInto( 'injectHere',  './content/GTK3/Widgets Objects/TLI Grid Widgets/GtkCellRenderer.html
' onclick="injectContentInto( 'injectHere',  './content/GTK3/Widgets Objects/TLI Grid Widgets/GtkTreeStore.html
' onclick="injectContentInto( 'injectHere',  './content/GTK3/Widgets Objects/Printing/GtkPrintUnixDialog.html
' onclick="injectContentInto( 'injectHere',  './content/GTK3/Widgets Objects/Printing/GtkPrintOperation.html
' onclick="injectContentInto( 'injectHere',  './content/GTK3/Widgets Objects/Printing/GtkPrintJob.html
' onclick="injectContentInto( 'injectHere',  './content/GTK3/Widgets Objects/Printing/GtkPageSetupUnixDialog.html
' onclick="injectContentInto( 'injectHere',  './content/GTK3/Widgets Objects/Printing/Printing.html
' onclick="injectContentInto( 'injectHere',  './content/GTK3/Widgets Objects/Printing/GtkPageSetup.html
' onclick="injectContentInto( 'injectHere',  './content/GTK3/Widgets Objects/Printing/GtkPaperSize.html
' onclick="injectContentInto( 'injectHere',  './content/GTK3/Widgets Objects/Printing/GtkPrinter.html
' onclick="injectContentInto( 'injectHere',  './content/GTK3/Widgets Objects/Printing/GtkPrintSettings.html
' onclick="injectContentInto( 'injectHere',  './content/GTK3/Widgets Objects/Printing/GtkPrintContext.html
' onclick="injectContentInto( 'injectHere',  './content/GTK3/Widgets Objects/Multiline Text/Multiline Text.html
' onclick="injectContentInto( 'injectHere',  './content/GTK3/Widgets Objects/Multiline Text/GtkTextIter.html
' onclick="injectContentInto( 'injectHere',  './content/GTK3/Widgets Objects/Multiline Text/GtkTextTagTable.html
' onclick="injectContentInto( 'injectHere',  './content/GTK3/Widgets Objects/Multiline Text/GtkTextTag.html
' onclick="injectContentInto( 'injectHere',  './content/GTK3/Widgets Objects/Multiline Text/GtkTextMark.html
' onclick="injectContentInto( 'injectHere',  './content/GTK3/Widgets Objects/Multiline Text/GtkTextView.html
' onclick="injectContentInto( 'injectHere',  './content/GTK3/Widgets Objects/Multiline Text/GtkTextBuffer.html
' onclick="injectContentInto( 'injectHere',  './content/GTK3/Widgets Objects/Multiline Text/Text Overview.html
' onclick="injectContentInto( 'injectHere',  './content/GTK3/Widgets Objects/Layout Containers/GtkListBox.html
' onclick="injectContentInto( 'injectHere',  './content/GTK3/Widgets Objects/Layout Containers/GtkButtonBox.html
' onclick="injectContentInto( 'injectHere',  './content/GTK3/Widgets Objects/Layout Containers/GtkBox.html
' onclick="injectContentInto( 'injectHere',  './content/GTK3/Widgets Objects/Layout Containers/GtkLayout.html
' onclick="injectContentInto( 'injectHere',  './content/GTK3/Widgets Objects/Layout Containers/Layout Containers.html
' onclick="injectContentInto( 'injectHere',  './content/GTK3/Widgets Objects/Layout Containers/GtkStackSidebar.html
' onclick="injectContentInto( 'injectHere',  './content/GTK3/Widgets Objects/Layout Containers/GtkOverlay.html
' onclick="injectContentInto( 'injectHere',  './content/GTK3/Widgets Objects/Layout Containers/GtkAspectFrame.html
' onclick="injectContentInto( 'injectHere',  './content/GTK3/Widgets Objects/Layout Containers/GtkNotebook.html
' onclick="injectContentInto( 'injectHere',  './content/GTK3/Widgets Objects/Layout Containers/GtkGrid.html
' onclick="injectContentInto( 'injectHere',  './content/GTK3/Widgets Objects/Layout Containers/GtkStackSwitcher.html
' onclick="injectContentInto( 'injectHere',  './content/GTK3/Widgets Objects/Layout Containers/GtkHeaderBar.html
' onclick="injectContentInto( 'injectHere',  './content/GTK3/Widgets Objects/Layout Containers/GtkRevealer.html
' onclick="injectContentInto( 'injectHere',  './content/GTK3/Widgets Objects/Layout Containers/GtkExpander.html
' onclick="injectContentInto( 'injectHere',  './content/GTK3/Widgets Objects/Layout Containers/GtkOrientable.html
' onclick="injectContentInto( 'injectHere',  './content/GTK3/Widgets Objects/Layout Containers/GtkFlowBox.html
' onclick="injectContentInto( 'injectHere',  './content/GTK3/Widgets Objects/Layout Containers/GtkStack.html
' onclick="injectContentInto( 'injectHere',  './content/GTK3/Widgets Objects/Layout Containers/GtkPaned.html
' onclick="injectContentInto( 'injectHere',  './content/GTK3/Widgets Objects/Layout Containers/GtkFixed.html
' onclick="injectContentInto( 'injectHere',  './content/GTK3/Widgets Objects/Layout Containers/GtkActionBar.html
' onclick="injectContentInto( 'injectHere',  './content/GTK3/Widgets Objects/Cross Embedding/GtkPlug.html
' onclick="injectContentInto( 'injectHere',  './content/GTK3/Widgets Objects/Cross Embedding/GtkSocket.html
' onclick="injectContentInto( 'injectHere',  './content/GTK3/Widgets Objects/Cross Embedding/Cross Embedding.html
' onclick="injectContentInto( 'injectHere',  './content/GTK3/Widgets Objects/Ornaments/GtkFrame.html
' onclick="injectContentInto( 'injectHere',  './content/GTK3/Widgets Objects/Ornaments/GtkSeparator.html
' onclick="injectContentInto( 'injectHere',  './content/GTK3/Widgets Objects/Ornaments/Ornaments.html
' onclick="injectContentInto( 'injectHere',  './content/GTK3/Widgets Objects/Widget Gallery.html
' onclick="injectContentInto( 'injectHere',  './content/GTK3/Widgets Objects/Scrolling/GtkScrollable.html
' onclick="injectContentInto( 'injectHere',  './content/GTK3/Widgets Objects/Scrolling/GtkScrolledWindow.html
' onclick="injectContentInto( 'injectHere',  './content/GTK3/Widgets Objects/Scrolling/GtkScrollbar.html
' onclick="injectContentInto( 'injectHere',  './content/GTK3/Widgets Objects/Scrolling/Scrolling.html
' onclick="injectContentInto( 'injectHere',  './content/GTK3/Widgets Objects/Choosing installed/GtkAppChooserButton.html
' onclick="injectContentInto( 'injectHere',  './content/GTK3/Widgets Objects/Choosing installed/GtkAppChooserDialog.html
' onclick="injectContentInto( 'injectHere',  './content/GTK3/Widgets Objects/Choosing installed/GtkAppChooserWidget.html
' onclick="injectContentInto( 'injectHere',  './content/GTK3/Widgets Objects/Choosing installed/Choosing installed.html
' onclick="injectContentInto( 'injectHere',  './content/GTK3/Widgets Objects/Choosing installed/GtkAppChooser.html
' onclick="injectContentInto( 'injectHere',  './content/GTK3/Widgets Objects/Shortcuts Overview/GtkShortcutsShortcut.html
' onclick="injectContentInto( 'injectHere',  './content/GTK3/Widgets Objects/Shortcuts Overview/Shortcuts Overview.html
' onclick="injectContentInto( 'injectHere',  './content/GTK3/Widgets Objects/Shortcuts Overview/GtkShortcutsSection.html
' onclick="injectContentInto( 'injectHere',  './content/GTK3/Widgets Objects/Shortcuts Overview/GtkShortcutsGroup.html
' onclick="injectContentInto( 'injectHere',  './content/GTK3/Widgets Objects/Shortcuts Overview/GtkShortcutsWindow.html
' onclick="injectContentInto( 'injectHere',  './content/GTK3/Widgets Objects/App support/GtkAppWindow.html
' onclick="injectContentInto( 'injectHere',  './content/GTK3/Widgets Objects/App support/App support.html
' onclick="injectContentInto( 'injectHere',  './content/GTK3/Widgets Objects/App support/GtkAction.html
' onclick="injectContentInto( 'injectHere',  './content/GTK3/Widgets Objects/App support/GtkApp.html
' onclick="injectContentInto( 'injectHere',  './content/GTK3/Widgets Objects/Miscellaneous/Miscellaneous.html
' onclick="injectContentInto( 'injectHere',  './content/GTK3/Widgets Objects/Miscellaneous/GtkIMMulticontext.html
' onclick="injectContentInto( 'injectHere',  './content/GTK3/Widgets Objects/Miscellaneous/GtkSizeGroup.html
' onclick="injectContentInto( 'injectHere',  './content/GTK3/Widgets Objects/Miscellaneous/GtkEventBox.html
' onclick="injectContentInto( 'injectHere',  './content/GTK3/Widgets Objects/Miscellaneous/GtkIMContextSimple.html
' onclick="injectContentInto( 'injectHere',  './content/GTK3/Widgets Objects/Miscellaneous/GtkGLArea.html
' onclick="injectContentInto( 'injectHere',  './content/GTK3/Widgets Objects/Miscellaneous/GtkAccessible.html
' onclick="injectContentInto( 'injectHere',  './content/GTK3/Widgets Objects/Miscellaneous/GtkAdjustment.html
' onclick="injectContentInto( 'injectHere',  './content/GTK3/Widgets Objects/Miscellaneous/GtkDrawingArea.html
' onclick="injectContentInto( 'injectHere',  './content/GTK3/Widgets Objects/Miscellaneous/GtkCalendar.html
' onclick="injectContentInto( 'injectHere',  './content/GTK3/Widgets Objects/Miscellaneous/GtkViewport.html
' onclick="injectContentInto( 'injectHere',  './content/GTK3/Widgets Objects/Miscellaneous/GtkHandleBox.html
' onclick="injectContentInto( 'injectHere',  './content/GTK3/Widgets Objects/Miscellaneous/GtkTooltip.html
' onclick="injectContentInto( 'injectHere',  './content/GTK3/Widgets Objects/Recently Used/GtkRecentChooser.html
' onclick="injectContentInto( 'injectHere',  './content/GTK3/Widgets Objects/Recently Used/GtkRecentChooserMenu.html
' onclick="injectContentInto( 'injectHere',  './content/GTK3/Widgets Objects/Recently Used/Recently Used.html
' onclick="injectContentInto( 'injectHere',  './content/GTK3/Widgets Objects/Recently Used/GtkRecentManager.html
' onclick="injectContentInto( 'injectHere',  './content/GTK3/Widgets Objects/Recently Used/GtkRecentFilter.html
' onclick="injectContentInto( 'injectHere',  './content/GTK3/Widgets Objects/Recently Used/GtkRecentChooserDialog.html
' onclick="injectContentInto( 'injectHere',  './content/GTK3/Widgets Objects/Recently Used/GtkRecentChooserWidget.html
' onclick="injectContentInto( 'injectHere',  './content/GTK3/Widgets Objects/Numeric Text Entry/GtkSpinButton.html
' onclick="injectContentInto( 'injectHere',  './content/GTK3/Widgets Objects/Numeric Text Entry/Numeric Text Entry.html
' onclick="injectContentInto( 'injectHere',  './content/GTK3/Widgets Objects/Numeric Text Entry/GtkEditable.html
' onclick="injectContentInto( 'injectHere',  './content/GTK3/Widgets Objects/Numeric Text Entry/GtkScale.html
' onclick="injectContentInto( 'injectHere',  './content/GTK3/Widgets Objects/Numeric Text Entry/GtkEntryCompletion.html
' onclick="injectContentInto( 'injectHere',  './content/GTK3/Widgets Objects/Numeric Text Entry/GtkEntryBuffer.html
' onclick="injectContentInto( 'injectHere',  './content/GTK3/Widgets Objects/Numeric Text Entry/GtkSearchBar.html
' onclick="injectContentInto( 'injectHere',  './content/GTK3/Widgets Objects/Numeric Text Entry/GtkSearchEntry.html
' onclick="injectContentInto( 'injectHere',  './content/GTK3/Widgets Objects/Numeric Text Entry/GtkEntry.html
' onclick="injectContentInto( 'injectHere',  './content/GTK3/Widgets Objects/Object Hierarchy.html
' onclick="injectContentInto( 'injectHere',  './content/GTK3/Widgets Objects/Menu Combo Tool/GtkCheckMenuItem.html
' onclick="injectContentInto( 'injectHere',  './content/GTK3/Widgets Objects/Menu Combo Tool/GtkToggleToolButton.html
' onclick="injectContentInto( 'injectHere',  './content/GTK3/Widgets Objects/Menu Combo Tool/GtkSeparatorMenuItem.html
' onclick="injectContentInto( 'injectHere',  './content/GTK3/Widgets Objects/Menu Combo Tool/GtkToolItemGroup.html
' onclick="injectContentInto( 'injectHere',  './content/GTK3/Widgets Objects/Menu Combo Tool/GtkPopoverMenu.html
' onclick="injectContentInto( 'injectHere',  './content/GTK3/Widgets Objects/Menu Combo Tool/GtkMenuItem.html
' onclick="injectContentInto( 'injectHere',  './content/GTK3/Widgets Objects/Menu Combo Tool/GtkComboBox.html
' onclick="injectContentInto( 'injectHere',  './content/GTK3/Widgets Objects/Menu Combo Tool/GtkComboBoxText.html
' onclick="injectContentInto( 'injectHere',  './content/GTK3/Widgets Objects/Menu Combo Tool/GtkMenuBar.html
' onclick="injectContentInto( 'injectHere',  './content/GTK3/Widgets Objects/Menu Combo Tool/GtkToolButton.html
' onclick="injectContentInto( 'injectHere',  './content/GTK3/Widgets Objects/Menu Combo Tool/GtkToolPalette.html
' onclick="injectContentInto( 'injectHere',  './content/GTK3/Widgets Objects/Menu Combo Tool/GtkRadioMenuItem.html
' onclick="injectContentInto( 'injectHere',  './content/GTK3/Widgets Objects/Menu Combo Tool/GtkToolbar.html
' onclick="injectContentInto( 'injectHere',  './content/GTK3/Widgets Objects/Menu Combo Tool/GtkToolItem.html
' onclick="injectContentInto( 'injectHere',  './content/GTK3/Widgets Objects/Menu Combo Tool/GtkMenuToolButton.html
' onclick="injectContentInto( 'injectHere',  './content/GTK3/Widgets Objects/Menu Combo Tool/Menu Combo Tool.html
' onclick="injectContentInto( 'injectHere',  './content/GTK3/Widgets Objects/Menu Combo Tool/GtkMenu.html
' onclick="injectContentInto( 'injectHere',  './content/GTK3/Widgets Objects/Menu Combo Tool/GtkToolShell.html
' onclick="injectContentInto( 'injectHere',  './content/GTK3/Widgets Objects/Menu Combo Tool/GtkPopover.html
' onclick="injectContentInto( 'injectHere',  './content/GTK3/Widgets Objects/Menu Combo Tool/GtkSeparatorToolItem.html
' onclick="injectContentInto( 'injectHere',  './content/GTK3/Widgets Objects/Menu Combo Tool/GtkRadioToolButton.html
' onclick="injectContentInto( 'injectHere',  './content/GTK3/Widgets Objects/Interface builder/GtkBuilder.html
' onclick="injectContentInto( 'injectHere',  './content/GTK3/Widgets Objects/Interface builder/GtkBuildable.html
' onclick="injectContentInto( 'injectHere',  './content/GTK3/Widgets Objects/Interface builder/Interface builder.html
' onclick="injectContentInto( 'injectHere',  './content/GTK3/Widgets Objects/Deprecated/GtkColorSelectionDialog.html
' onclick="injectContentInto( 'injectHere',  './content/GTK3/Widgets Objects/Deprecated/GtkStyle.html
' onclick="injectContentInto( 'injectHere',  './content/GTK3/Widgets Objects/Deprecated/GtkVPaned.html
' onclick="injectContentInto( 'injectHere',  './content/GTK3/Widgets Objects/Deprecated/GtkColorSelection.html
' onclick="injectContentInto( 'injectHere',  './content/GTK3/Widgets Objects/Deprecated/GtkArrow.html
' onclick="injectContentInto( 'injectHere',  './content/GTK3/Widgets Objects/Deprecated/GtkToggleAction.html
' onclick="injectContentInto( 'injectHere',  './content/GTK3/Widgets Objects/Deprecated/GtkMisc.html
' onclick="injectContentInto( 'injectHere',  './content/GTK3/Widgets Objects/Deprecated/GtkVSeparator.html
' onclick="injectContentInto( 'injectHere',  './content/GTK3/Widgets Objects/Deprecated/GtkTearOffMenuItem.html
' onclick="injectContentInto( 'injectHere',  './content/GTK3/Widgets Objects/Deprecated/Stock Items.html
' onclick="injectContentInto( 'injectHere',  './content/GTK3/Widgets Objects/Deprecated/GtkTable.html
' onclick="injectContentInto( 'injectHere',  './content/GTK3/Widgets Objects/Deprecated/GtkNumerableIcon.html
' onclick="injectContentInto( 'injectHere',  './content/GTK3/Widgets Objects/Deprecated/GtkSymbolicColor.html
' onclick="injectContentInto( 'injectHere',  './content/GTK3/Widgets Objects/Deprecated/GtkVBox.html
' onclick="injectContentInto( 'injectHere',  './content/GTK3/Widgets Objects/Deprecated/GtkUIManager.html
' onclick="injectContentInto( 'injectHere',  './content/GTK3/Widgets Objects/Deprecated/GtkHButtonBox.html
' onclick="injectContentInto( 'injectHere',  './content/GTK3/Widgets Objects/Deprecated/GtkActionGroup.html
' onclick="injectContentInto( 'injectHere',  './content/GTK3/Widgets Objects/Deprecated/GtkGradient.html
' onclick="injectContentInto( 'injectHere',  './content/GTK3/Widgets Objects/Deprecated/GtkAlignment.html
' onclick="injectContentInto( 'injectHere',  './content/GTK3/Widgets Objects/Deprecated/GtkHBox.html
' onclick="injectContentInto( 'injectHere',  './content/GTK3/Widgets Objects/Deprecated/Deprecated.html
' onclick="injectContentInto( 'injectHere',  './content/GTK3/Widgets Objects/Deprecated/GtkAction.html
' onclick="injectContentInto( 'injectHere',  './content/GTK3/Widgets Objects/Deprecated/GtkHSV.html
' onclick="injectContentInto( 'injectHere',  './content/GTK3/Widgets Objects/Deprecated/GtkRadioAction.html
' onclick="injectContentInto( 'injectHere',  './content/GTK3/Widgets Objects/Deprecated/GtkRecentAction.html
' onclick="injectContentInto( 'injectHere',  './content/GTK3/Widgets Objects/Deprecated/GtkHSeparator.html
' onclick="injectContentInto( 'injectHere',  './content/GTK3/Widgets Objects/Deprecated/GtkVButtonBox.html
' onclick="injectContentInto( 'injectHere',  './content/GTK3/Widgets Objects/Deprecated/GtkFontSelection.html
' onclick="injectContentInto( 'injectHere',  './content/GTK3/Widgets Objects/Deprecated/GtkHScrollbar.html
' onclick="injectContentInto( 'injectHere',  './content/GTK3/Widgets Objects/Deprecated/Resource Files.html
' onclick="injectContentInto( 'injectHere',  './content/GTK3/Widgets Objects/Deprecated/GtkFontSelectionDialog.html
' onclick="injectContentInto( 'injectHere',  './content/GTK3/Widgets Objects/Deprecated/GtkHPaned.html
' onclick="injectContentInto( 'injectHere',  './content/GTK3/Widgets Objects/Deprecated/GtkActivatable.html
' onclick="injectContentInto( 'injectHere',  './content/GTK3/Widgets Objects/Deprecated/GtkVScale.html
' onclick="injectContentInto( 'injectHere',  './content/GTK3/Widgets Objects/Deprecated/GtkVScrollbar.html
' onclick="injectContentInto( 'injectHere',  './content/GTK3/Widgets Objects/Deprecated/GtkStatusIcon.html
' onclick="injectContentInto( 'injectHere',  './content/GTK3/Widgets Objects/Deprecated/GtkThemingEngine.html
' onclick="injectContentInto( 'injectHere',  './content/GTK3/Widgets Objects/Deprecated/GtkHScale.html
' onclick="injectContentInto( 'injectHere',  './content/GTK3/Widgets Objects/Deprecated/Themeable Stock.html
' onclick="injectContentInto( 'injectHere',  './content/GTK3/Widgets Objects/Deprecated/GtkImageMenuItem.html
' onclick="injectContentInto( 'injectHere',  './content/GTK3/Symbol Index/Symbol Index.html
' onclick="injectContentInto( 'injectHere',  './content/GTK3/Migrating/Theming changes/Extending parser.html
' onclick="injectContentInto( 'injectHere',  './content/GTK3/Migrating/Theming changes/Using CSS.html
' onclick="injectContentInto( 'injectHere',  './content/GTK3/Migrating/Theming changes/Theming changes.html
' onclick="injectContentInto( 'injectHere',  './content/GTK3/Migrating/Theming changes/Migrating themes.html
' onclick="injectContentInto( 'injectHere',  './content/GTK3/Migrating/Theming changes/Bonus points.html
' onclick="injectContentInto( 'injectHere',  './content/GTK3/Migrating/Theming changes/Parsing resources.html
' onclick="injectContentInto( 'injectHere',  './content/GTK3/Migrating/Theming changes/widget checklist.html
' onclick="injectContentInto( 'injectHere',  './content/GTK3/Migrating/Theming changes/Migrating engines.html
' onclick="injectContentInto( 'injectHere',  './content/GTK3/Migrating/Migrating GTK.html
' onclick="injectContentInto( 'injectHere',  './content/GTK3/Migrating/Migration Details/Migration Details.html
' onclick="injectContentInto( 'injectHere',  './content/GTK3/Migrating/Migration Details/modifier keys.html
' onclick="injectContentInto( 'injectHere',  './content/GTK3/Migrating/Migration Details/Use GdkEventExpose.html
' onclick="injectContentInto( 'injectHere',  './content/GTK3/Migrating/Migration Details/Implement GtkWidget.html
' onclick="injectContentInto( 'injectHere',  './content/GTK3/Migrating/Migration Details/named icons.html
' onclick="injectContentInto( 'injectHere',  './content/GTK3/Migrating/Migrating other/Migrating other.html
' onclick="injectContentInto( 'injectHere',  './content/GTK3/Migrating/Migrating other/GtkGrid spacing.html
' onclick="injectContentInto( 'injectHere',  './content/GTK3/Migrating/Migrating other/GtkGrid packing.html
' onclick="injectContentInto( 'injectHere',  './content/GTK3/Migrating/Migrating other/GtkGrid sizing.html
' onclick="injectContentInto( 'injectHere',  './content/GTK3/Migrating/Migrating 2/Preparation in 2/individual headers.html
' onclick="injectContentInto( 'injectHere',  './content/GTK3/Migrating/Migrating 2/Preparation in 2/cairo.html
' onclick="injectContentInto( 'injectHere',  './content/GTK3/Migrating/Migrating 2/Preparation in 2/Replace GDK.html
' onclick="injectContentInto( 'injectHere',  './content/GTK3/Migrating/Migrating 2/Preparation in 2/GIO app launch.html
' onclick="injectContentInto( 'injectHere',  './content/GTK3/Migrating/Migrating 2/Preparation in 2/accessor functions.html
' onclick="injectContentInto( 'injectHere',  './content/GTK3/Migrating/Migrating 2/Preparation in 2/deprecated symbols.html
' onclick="injectContentInto( 'injectHere',  './content/GTK3/Migrating/Migrating 2/Preparation in 2/Preparation in 2.html
' onclick="injectContentInto( 'injectHere',  './content/GTK3/Migrating/Migrating 2/Migrating 2.html
' onclick="injectContentInto( 'injectHere',  './content/GTK3/Migrating/Migrating 2/Changes at switch/Replace GdkRegion.html
' onclick="injectContentInto( 'injectHere',  './content/GTK3/Migrating/Migrating 2/Changes at switch/Backend.html
' onclick="injectContentInto( 'injectHere',  './content/GTK3/Migrating/Migrating 2/Changes at switch/GtkProgressBar.html
' onclick="injectContentInto( 'injectHere',  './content/GTK3/Migrating/Migrating 2/Changes at switch/GdkDrawable.html
' onclick="injectContentInto( 'injectHere',  './content/GTK3/Migrating/Migrating 2/Changes at switch/Event filtering.html
' onclick="injectContentInto( 'injectHere',  './content/GTK3/Migrating/Migrating 2/Changes at switch/expand fill flags.html
' onclick="injectContentInto( 'injectHere',  './content/GTK3/Migrating/Migrating 2/Changes at switch/Scrolling changes.html
' onclick="injectContentInto( 'injectHere',  './content/GTK3/Migrating/Migrating 2/Changes at switch/Replace size.html
' onclick="injectContentInto( 'injectHere',  './content/GTK3/Migrating/Migrating 2/Changes at switch/GtkObject.html
' onclick="injectContentInto( 'injectHere',  './content/GTK3/Migrating/Migrating 2/Changes at switch/GtkWidget.html
' onclick="injectContentInto( 'injectHere',  './content/GTK3/Migrating/Migrating 2/Changes at switch/Install modules.html
' onclick="injectContentInto( 'injectHere',  './content/GTK3/Migrating/Migrating 2/Changes at switch/GtkPlug GtkSocket.html
' onclick="injectContentInto( 'injectHere',  './content/GTK3/Migrating/Migrating 2/Changes at switch/mixed linkage.html
' onclick="injectContentInto( 'injectHere',  './content/GTK3/Migrating/Migrating 2/Changes at switch/Resize grips.html
' onclick="injectContentInto( 'injectHere',  './content/GTK3/Migrating/Migrating 2/Changes at switch/GtkEntryCompletion.html
' onclick="injectContentInto( 'injectHere',  './content/GTK3/Migrating/Migrating 2/Changes at switch/Changes at switch.html
' onclick="injectContentInto( 'injectHere',  './content/GTK3/Migrating/Migrating 2/Changes at switch/Replace GdkPixmap.html
' onclick="injectContentInto( 'injectHere',  './content/GTK3/Migrating/Migrating 2/Changes at switch/Replace GdkColormap.html
' onclick="injectContentInto( 'injectHere',  './content/GTK3/Migrating/Migrating libunique/Migrating libunique.html
' onclick="injectContentInto( 'injectHere',  './content/GTK3/Migrating/Migrating libunique/Commands messages.html
' onclick="injectContentInto( 'injectHere',  './content/GTK3/Migrating/Migrating libunique/Uniqueness.html
' onclick="injectContentInto( 'injectHere',  './content/GTK3/Migrating/Migrating 3/3.22 Changes.html
' onclick="injectContentInto( 'injectHere',  './content/GTK3/Migrating/Migrating 3/3.6 Changes.html
' onclick="injectContentInto( 'injectHere',  './content/GTK3/Migrating/Migrating 3/Migrating 3.html
' onclick="injectContentInto( 'injectHere',  './content/GTK3/Migrating/Migrating 3/3.20 Changes.html
' onclick="injectContentInto( 'injectHere',  './content/GTK3/Migrating/Migrating 3/3.4 Changes.html
' onclick="injectContentInto( 'injectHere',  './content/GTK3/Migrating/Migrating 3/3.16 Changes.html
' onclick="injectContentInto( 'injectHere',  './content/GTK3/Migrating/Migrating 3/3.12 Changes.html
' onclick="injectContentInto( 'injectHere',  './content/GTK3/Migrating/Migrating 3/3.2 Changes.html
' onclick="injectContentInto( 'injectHere',  './content/GTK3/Migrating/Migrating 3/3.18 Changes.html
' onclick="injectContentInto( 'injectHere',  './content/GTK3/Migrating/Migrating 3/3.10 Changes.html
' onclick="injectContentInto( 'injectHere',  './content/GTK3/Migrating/Migrating 3/3.8 Changes.html
' onclick="injectContentInto( 'injectHere',  './content/GTK3/Migrating/Migrating 3/3.14 Changes.html
' onclick="injectContentInto( 'injectHere',  './content/GTK3/Migrating/Migrating EggSMClient.html
' onclick="injectContentInto( 'injectHere',  './content/GTK3/Overview/getting started/building apps/Trivial app.html
' onclick="injectContentInto( 'injectHere',  './content/GTK3/Overview/getting started/building apps/App menu.html
' onclick="injectContentInto( 'injectHere',  './content/GTK3/Overview/getting started/building apps/Header bar.html
' onclick="injectContentInto( 'injectHere',  './content/GTK3/Overview/getting started/building apps/Properties.html
' onclick="injectContentInto( 'injectHere',  './content/GTK3/Overview/getting started/building apps/Building apps.html
' onclick="injectContentInto( 'injectHere',  './content/GTK3/Overview/getting started/building apps/Populating window.html
' onclick="injectContentInto( 'injectHere',  './content/GTK3/Overview/getting started/building apps/Opening files.html
' onclick="injectContentInto( 'injectHere',  './content/GTK3/Overview/getting started/building apps/Side bar.html
' onclick="injectContentInto( 'injectHere',  './content/GTK3/Overview/getting started/building apps/Preference dialog.html
' onclick="injectContentInto( 'injectHere',  './content/GTK3/Overview/getting started/building apps/Search bar.html
' onclick="injectContentInto( 'injectHere',  './content/GTK3/Overview/getting started/Custom Drawing.html
' onclick="injectContentInto( 'injectHere',  './content/GTK3/Overview/getting started/Basics.html
' onclick="injectContentInto( 'injectHere',  './content/GTK3/Overview/getting started/Getting Started.html
' onclick="injectContentInto( 'injectHere',  './content/GTK3/Overview/getting started/Packing.html
' onclick="injectContentInto( 'injectHere',  './content/GTK3/Overview/getting started/Building interfaces.html
' onclick="injectContentInto( 'injectHere',  './content/GTK3/Overview/GTK Overview.html
' onclick="injectContentInto( 'injectHere',  './content/GTK3/Overview/Input Event Handling.html
' onclick="injectContentInto( 'injectHere',  './content/GTK3/Overview/Common Questions.html
' onclick="injectContentInto( 'injectHere',  './content/GTK3/Overview/Mailing lists.html
' onclick="injectContentInto( 'injectHere',  './content/GTK3/Overview/Drawing Model.html
' onclick="injectContentInto( 'injectHere',  './content/GTK3/Tools/GTK Tools.html
' onclick="injectContentInto( 'injectHere',  './content/GTK3/Annotation Glossary/Annotation Glossary.html
' onclick="injectContentInto( 'injectHere',  './content/GTK3/_GTK3.html
' onclick="injectContentInto( 'injectHere',  './content/GTK3/Platform Support/GTK Platform Support.html
' onclick="injectContentInto( 'injectHere',  './content/RegEx.html
' onclick="injectContentInto( 'injectHere',  './content/_index.html
' onclick="injectContentInto( 'injectHere',  './content/_page2.html
' onclick="injectContentInto( 'injectHere',  './content/_page3.html
' onclick="injectContentInto( 'injectHere',  './index.html
' onclick="injectContentInto( 'injectHere',  './history_base.html
