all-html-files
Accelerator Groups
DaD
Main loop
Selections
Verison Info
GTK Core References
Testing
Accelerator Maps
Filesystem utilities
Clipboards
Standard Enumerations
Settings
Bindings
CSS Overview
GtkStyleProperties
GtkStyleProvider
GtkStyleContext
GtkWidgetPath
CSS Properties
Theming GTK
GtkCssProvider
GtkIconTheme
Glossary
GtkFontChooserWidget
GtkFontButton
Selector Widget
GtkPlacesSidebar
GtkFileChooserWidget
GtkFontChooser
GtkColorButton
GtkFileChooserDialog
GtkFileChooserButton
GtkFontChooserDialog
GtkFileChooser
GtkColorChooserWidget
GtkFileChooserNative
GtkFileFilter
GtkColorChooser
GtkColorChooserDialog
GtkSpinner
GtkLevelBar
GtkProgressBar
GtkImage
GtkLabel
GtkInfoBar
Display Widgets
GtkAccelLabel
GtkStatusBar
GtkGestureSwipe
GtkGestureStylus
GtkGesture
GtkEventController
GtkGestureLongPress
GtkEventControllerMotion
GtkGestureMultiPress
Gestures handling
GtkGesturePan
GtkGestureZoom
GtkPadController
GtkGestureRotate
GtkEventControllerScroll
GtkEventControllerKey
GtkGestureDrag
GtkGestureSingle
GTK Widgets Objects
GtkMenuButton
GtkVolumeButton
GtkLockButton
GtkSwitch
Buttons Toggles
GtkCheckButton
GtkModelButton
GtkButton
GtkToggleButton
GtkLinkButton
GtkScaleButton
GtkRadioButton
GtkMessageDialog
GtkWindowGroup
GtkAssistant
Windows
GtkWindow
GtkOffscreen
GtkInvisible
GtkAboutDialog
GtkDialog
GtkRange
GtkMenuShell
GtkIMContext
GtkNativeDialog
GtkBin
GtkWidget
Abstract Base
GtkContainer
GtkTreeModelFilter
GtkCellRendererSpinner
GtkCellRendererText
GtkCellRendererPixbuf
GtkTreeModelSort
GtkCellRendererProgress
GtkTreeView
GtkTreeViewColumn
GtkCellEditable
GtkTreeSortable
GtkCellAreaContext
GtkCellRendererSpin
GtkCellRendererToggle
GtkTreeModel
GtkListStore
GtkCellRendererAccel
GtkIconView
GtkTreeView dad
GtkCellArea
GtkTreeSelection
GtkCellAreaBox
TL Widget Overview
GtkCellRendererCombo
GtkCellLayout
TLI Grid Widgets
GtkCellView
GtkCellRenderer
GtkTreeStore
GtkPrintUnixDialog
GtkPrintOperation
GtkPrintJob
GtkPageSetupUnixDialog
Printing
GtkPageSetup
GtkPaperSize
GtkPrinter
GtkPrintSettings
GtkPrintContext
Multiline Text
GtkTextIter
GtkTextTagTable
GtkTextTag
GtkTextMark
GtkTextView
GtkTextBuffer
Text Overview
GtkListBox
GtkButtonBox
GtkBox
GtkLayout
Layout Containers
GtkStackSidebar
GtkOverlay
GtkAspectFrame
GtkNotebook
GtkGrid
GtkStackSwitcher
GtkHeaderBar
GtkRevealer
GtkExpander
GtkOrientable
GtkFlowBox
GtkStack
GtkPaned
GtkFixed
GtkActionBar
GtkPlug
GtkSocket
Cross Embedding
GtkFrame
GtkSeparator
Ornaments
Widget Gallery
GtkScrollable
GtkScrolledWindow
GtkScrollbar
Scrolling
GtkAppChooserButton
GtkAppChooserDialog
GtkAppChooserWidget
Choosing installed
GtkAppChooser
GtkShortcutsShortcut
Shortcuts Overview
GtkShortcutsSection
GtkShortcutsGroup
GtkShortcutsWindow
GtkAppWindow
App support
GtkAction
GtkApp
Miscellaneous
GtkIMMulticontext
GtkSizeGroup
GtkEventBox
GtkIMContextSimple
GtkGLArea
GtkAccessible
GtkAdjustment
GtkDrawingArea
GtkCalendar
GtkViewport
GtkHandleBox
GtkTooltip
GtkRecentChooser
GtkRecentChooserMenu
Recently Used
GtkRecentManager
GtkRecentFilter
GtkRecentChooserDialog
GtkRecentChooserWidget
GtkSpinButton
Numeric Text Entry
GtkEditable
GtkScale
GtkEntryCompletion
GtkEntryBuffer
GtkSearchBar
GtkSearchEntry
GtkEntry
Object Hierarchy
GtkCheckMenuItem
GtkToggleToolButton
GtkSeparatorMenuItem
GtkToolItemGroup
GtkPopoverMenu
GtkMenuItem
GtkComboBox
GtkComboBoxText
GtkMenuBar
GtkToolButton
GtkToolPalette
GtkRadioMenuItem
GtkToolbar
GtkToolItem
GtkMenuToolButton
Menu Combo Tool
GtkMenu
GtkToolShell
GtkPopover
GtkSeparatorToolItem
GtkRadioToolButton
GtkBuilder
GtkBuildable
Interface builder
GtkColorSelectionDialog
GtkStyle
GtkVPaned
GtkColorSelection
GtkArrow
GtkToggleAction
GtkMisc
GtkVSeparator
GtkTearOffMenuItem
Stock Items
GtkTable
GtkNumerableIcon
GtkSymbolicColor
GtkVBox
GtkUIManager
GtkHButtonBox
GtkActionGroup
GtkGradient
GtkAlignment
GtkHBox
Deprecated
GtkAction
GtkHSV
GtkRadioAction
GtkRecentAction
GtkHSeparator
GtkVButtonBox
GtkFontSelection
GtkHScrollbar
Resource Files
GtkFontSelectionDialog
GtkHPaned
GtkActivatable
GtkVScale
GtkVScrollbar
GtkStatusIcon
GtkThemingEngine
GtkHScale
Themeable Stock
GtkImageMenuItem
Symbol Index
Extending parser
Using CSS
Theming changes
Migrating themes
Bonus points
Parsing resources
widget checklist
Migrating engines
Migrating GTK
Migration Details
modifier keys
Use GdkEventExpose
Implement GtkWidget
named icons
Migrating other
GtkGrid spacing
GtkGrid packing
GtkGrid sizing
individual headers
cairo
Replace GDK
GIO app launch
accessor functions
deprecated symbols
Preparation in 2
Migrating 2
Replace GdkRegion
Backend
GtkProgressBar
GdkDrawable
Event filtering
expand fill flags
Scrolling changes
Replace size
GtkObject
GtkWidget
Install modules
GtkPlug GtkSocket
mixed linkage
Resize grips
GtkEntryCompletion
Changes at switch
Replace GdkPixmap
Replace GdkColormap
Migrating libunique
Commands messages
Uniqueness
3.22 Changes
3.6 Changes
Migrating 3
3.20 Changes
3.4 Changes
3.16 Changes
3.12 Changes
3.2 Changes
3.18 Changes
3.10 Changes
3.8 Changes
3.14 Changes
Migrating EggSMClient
Trivial app
App menu
Header bar
Properties
Building apps
Populating window
Opening files
Side bar
Preference dialog
Search bar
Custom Drawing
Basics
Getting Started
Packing
Building interfaces
GTK Overview
Input Event Handling
Common Questions
Mailing lists
Drawing Model
GTK Tools
Annotation Glossary
_GTK3
GTK Platform Support
RegEx
_index
_page2
_page3
index
history_base
