<a href='#all-html-files' onclick="injectContentInto( 'injectHere',  './all-html-files.html', 'all-html-files
<a href='#AcceleratorGroups' onclick="injectContentInto( 'injectHere',  './content/GTK3/Core References/Accelerator Groups.html', 'Accelerator Groups
<a href='#DaD' onclick="injectContentInto( 'injectHere',  './content/GTK3/Core References/DaD.html', 'DaD
<a href='#Mainloop' onclick="injectContentInto( 'injectHere',  './content/GTK3/Core References/Main loop.html', 'Main loop
<a href='#Selections' onclick="injectContentInto( 'injectHere',  './content/GTK3/Core References/Selections.html', 'Selections
<a href='#VerisonInfo' onclick="injectContentInto( 'injectHere',  './content/GTK3/Core References/Verison Info.html', 'Verison Info
<a href='#GTKCoreReferences' onclick="injectContentInto( 'injectHere',  './content/GTK3/Core References/GTK Core References.html', 'GTK Core References
<a href='#Testing' onclick="injectContentInto( 'injectHere',  './content/GTK3/Core References/Testing.html', 'Testing
<a href='#AcceleratorMaps' onclick="injectContentInto( 'injectHere',  './content/GTK3/Core References/Accelerator Maps.html', 'Accelerator Maps
<a href='#Filesystemutilities' onclick="injectContentInto( 'injectHere',  './content/GTK3/Core References/Filesystem utilities.html', 'Filesystem utilities
<a href='#Clipboards' onclick="injectContentInto( 'injectHere',  './content/GTK3/Core References/Clipboards.html', 'Clipboards
<a href='#StandardEnumerations' onclick="injectContentInto( 'injectHere',  './content/GTK3/Core References/Standard Enumerations.html', 'Standard Enumerations
<a href='#Settings' onclick="injectContentInto( 'injectHere',  './content/GTK3/Core References/Settings.html', 'Settings
<a href='#Bindings' onclick="injectContentInto( 'injectHere',  './content/GTK3/Core References/Bindings.html', 'Bindings
<a href='#CSSOverview' onclick="injectContentInto( 'injectHere',  './content/GTK3/Theming/CSS Overview.html', 'CSS Overview
<a href='#GtkStyleProperties' onclick="injectContentInto( 'injectHere',  './content/GTK3/Theming/GtkStyleProperties.html', 'GtkStyleProperties
<a href='#GtkStyleProvider' onclick="injectContentInto( 'injectHere',  './content/GTK3/Theming/GtkStyleProvider.html', 'GtkStyleProvider
<a href='#GtkStyleContext' onclick="injectContentInto( 'injectHere',  './content/GTK3/Theming/GtkStyleContext.html', 'GtkStyleContext
<a href='#GtkWidgetPath' onclick="injectContentInto( 'injectHere',  './content/GTK3/Theming/GtkWidgetPath.html', 'GtkWidgetPath
<a href='#CSSProperties' onclick="injectContentInto( 'injectHere',  './content/GTK3/Theming/CSS Properties.html', 'CSS Properties
<a href='#ThemingGTK' onclick="injectContentInto( 'injectHere',  './content/GTK3/Theming/Theming GTK.html', 'Theming GTK
<a href='#GtkCssProvider' onclick="injectContentInto( 'injectHere',  './content/GTK3/Theming/GtkCssProvider.html', 'GtkCssProvider
<a href='#GtkIconTheme' onclick="injectContentInto( 'injectHere',  './content/GTK3/Theming/GtkIconTheme.html', 'GtkIconTheme
<a href='#Glossary' onclick="injectContentInto( 'injectHere',  './content/GTK3/Glossary/Glossary.html', 'Glossary
<a href='#GtkFontChooserWidget' onclick="injectContentInto( 'injectHere',  './content/GTK3/Widgets Objects/Selector Widget/GtkFontChooserWidget.html', 'GtkFontChooserWidget
<a href='#GtkFontButton' onclick="injectContentInto( 'injectHere',  './content/GTK3/Widgets Objects/Selector Widget/GtkFontButton.html', 'GtkFontButton
<a href='#SelectorWidget' onclick="injectContentInto( 'injectHere',  './content/GTK3/Widgets Objects/Selector Widget/Selector Widget.html', 'Selector Widget
<a href='#GtkPlacesSidebar' onclick="injectContentInto( 'injectHere',  './content/GTK3/Widgets Objects/Selector Widget/GtkPlacesSidebar.html', 'GtkPlacesSidebar
<a href='#GtkFileChooserWidget' onclick="injectContentInto( 'injectHere',  './content/GTK3/Widgets Objects/Selector Widget/GtkFileChooserWidget.html', 'GtkFileChooserWidget
<a href='#GtkFontChooser' onclick="injectContentInto( 'injectHere',  './content/GTK3/Widgets Objects/Selector Widget/GtkFontChooser.html', 'GtkFontChooser
<a href='#GtkColorButton' onclick="injectContentInto( 'injectHere',  './content/GTK3/Widgets Objects/Selector Widget/GtkColorButton.html', 'GtkColorButton
<a href='#GtkFileChooserDialog' onclick="injectContentInto( 'injectHere',  './content/GTK3/Widgets Objects/Selector Widget/GtkFileChooserDialog.html', 'GtkFileChooserDialog
<a href='#GtkFileChooserButton' onclick="injectContentInto( 'injectHere',  './content/GTK3/Widgets Objects/Selector Widget/GtkFileChooserButton.html', 'GtkFileChooserButton
<a href='#GtkFontChooserDialog' onclick="injectContentInto( 'injectHere',  './content/GTK3/Widgets Objects/Selector Widget/GtkFontChooserDialog.html', 'GtkFontChooserDialog
<a href='#GtkFileChooser' onclick="injectContentInto( 'injectHere',  './content/GTK3/Widgets Objects/Selector Widget/GtkFileChooser.html', 'GtkFileChooser
<a href='#GtkColorChooserWidget' onclick="injectContentInto( 'injectHere',  './content/GTK3/Widgets Objects/Selector Widget/GtkColorChooserWidget.html', 'GtkColorChooserWidget
<a href='#GtkFileChooserNative' onclick="injectContentInto( 'injectHere',  './content/GTK3/Widgets Objects/Selector Widget/GtkFileChooserNative.html', 'GtkFileChooserNative
<a href='#GtkFileFilter' onclick="injectContentInto( 'injectHere',  './content/GTK3/Widgets Objects/Selector Widget/GtkFileFilter.html', 'GtkFileFilter
<a href='#GtkColorChooser' onclick="injectContentInto( 'injectHere',  './content/GTK3/Widgets Objects/Selector Widget/GtkColorChooser.html', 'GtkColorChooser
<a href='#GtkColorChooserDialog' onclick="injectContentInto( 'injectHere',  './content/GTK3/Widgets Objects/Selector Widget/GtkColorChooserDialog.html', 'GtkColorChooserDialog
<a href='#GtkSpinner' onclick="injectContentInto( 'injectHere',  './content/GTK3/Widgets Objects/Display Widgets/GtkSpinner.html', 'GtkSpinner
<a href='#GtkLevelBar' onclick="injectContentInto( 'injectHere',  './content/GTK3/Widgets Objects/Display Widgets/GtkLevelBar.html', 'GtkLevelBar
<a href='#GtkProgressBar' onclick="injectContentInto( 'injectHere',  './content/GTK3/Widgets Objects/Display Widgets/GtkProgressBar.html', 'GtkProgressBar
<a href='#GtkImage' onclick="injectContentInto( 'injectHere',  './content/GTK3/Widgets Objects/Display Widgets/GtkImage.html', 'GtkImage
<a href='#GtkLabel' onclick="injectContentInto( 'injectHere',  './content/GTK3/Widgets Objects/Display Widgets/GtkLabel.html', 'GtkLabel
<a href='#GtkInfoBar' onclick="injectContentInto( 'injectHere',  './content/GTK3/Widgets Objects/Display Widgets/GtkInfoBar.html', 'GtkInfoBar
<a href='#DisplayWidgets' onclick="injectContentInto( 'injectHere',  './content/GTK3/Widgets Objects/Display Widgets/Display Widgets.html', 'Display Widgets
<a href='#GtkAccelLabel' onclick="injectContentInto( 'injectHere',  './content/GTK3/Widgets Objects/Display Widgets/GtkAccelLabel.html', 'GtkAccelLabel
<a href='#GtkStatusBar' onclick="injectContentInto( 'injectHere',  './content/GTK3/Widgets Objects/Display Widgets/GtkStatusBar.html', 'GtkStatusBar
<a href='#GtkGestureSwipe' onclick="injectContentInto( 'injectHere',  './content/GTK3/Widgets Objects/Gestures handling/GtkGestureSwipe.html', 'GtkGestureSwipe
<a href='#GtkGestureStylus' onclick="injectContentInto( 'injectHere',  './content/GTK3/Widgets Objects/Gestures handling/GtkGestureStylus.html', 'GtkGestureStylus
<a href='#GtkGesture' onclick="injectContentInto( 'injectHere',  './content/GTK3/Widgets Objects/Gestures handling/GtkGesture.html', 'GtkGesture
<a href='#GtkEventController' onclick="injectContentInto( 'injectHere',  './content/GTK3/Widgets Objects/Gestures handling/GtkEventController.html', 'GtkEventController
<a href='#GtkGestureLongPress' onclick="injectContentInto( 'injectHere',  './content/GTK3/Widgets Objects/Gestures handling/GtkGestureLongPress.html', 'GtkGestureLongPress
<a href='#GtkEventControllerMotion' onclick="injectContentInto( 'injectHere',  './content/GTK3/Widgets Objects/Gestures handling/GtkEventControllerMotion.html', 'GtkEventControllerMotion
<a href='#GtkGestureMultiPress' onclick="injectContentInto( 'injectHere',  './content/GTK3/Widgets Objects/Gestures handling/GtkGestureMultiPress.html', 'GtkGestureMultiPress
<a href='#Gestureshandling' onclick="injectContentInto( 'injectHere',  './content/GTK3/Widgets Objects/Gestures handling/Gestures handling.html', 'Gestures handling
<a href='#GtkGesturePan' onclick="injectContentInto( 'injectHere',  './content/GTK3/Widgets Objects/Gestures handling/GtkGesturePan.html', 'GtkGesturePan
<a href='#GtkGestureZoom' onclick="injectContentInto( 'injectHere',  './content/GTK3/Widgets Objects/Gestures handling/GtkGestureZoom.html', 'GtkGestureZoom
<a href='#GtkPadController' onclick="injectContentInto( 'injectHere',  './content/GTK3/Widgets Objects/Gestures handling/GtkPadController.html', 'GtkPadController
<a href='#GtkGestureRotate' onclick="injectContentInto( 'injectHere',  './content/GTK3/Widgets Objects/Gestures handling/GtkGestureRotate.html', 'GtkGestureRotate
<a href='#GtkEventControllerScroll' onclick="injectContentInto( 'injectHere',  './content/GTK3/Widgets Objects/Gestures handling/GtkEventControllerScroll.html', 'GtkEventControllerScroll
<a href='#GtkEventControllerKey' onclick="injectContentInto( 'injectHere',  './content/GTK3/Widgets Objects/Gestures handling/GtkEventControllerKey.html', 'GtkEventControllerKey
<a href='#GtkGestureDrag' onclick="injectContentInto( 'injectHere',  './content/GTK3/Widgets Objects/Gestures handling/GtkGestureDrag.html', 'GtkGestureDrag
<a href='#GtkGestureSingle' onclick="injectContentInto( 'injectHere',  './content/GTK3/Widgets Objects/Gestures handling/GtkGestureSingle.html', 'GtkGestureSingle
<a href='#GTKWidgetsObjects' onclick="injectContentInto( 'injectHere',  './content/GTK3/Widgets Objects/GTK Widgets Objects.html', 'GTK Widgets Objects
<a href='#GtkMenuButton' onclick="injectContentInto( 'injectHere',  './content/GTK3/Widgets Objects/Buttons Toggles/GtkMenuButton.html', 'GtkMenuButton
<a href='#GtkVolumeButton' onclick="injectContentInto( 'injectHere',  './content/GTK3/Widgets Objects/Buttons Toggles/GtkVolumeButton.html', 'GtkVolumeButton
<a href='#GtkLockButton' onclick="injectContentInto( 'injectHere',  './content/GTK3/Widgets Objects/Buttons Toggles/GtkLockButton.html', 'GtkLockButton
<a href='#GtkSwitch' onclick="injectContentInto( 'injectHere',  './content/GTK3/Widgets Objects/Buttons Toggles/GtkSwitch.html', 'GtkSwitch
<a href='#ButtonsToggles' onclick="injectContentInto( 'injectHere',  './content/GTK3/Widgets Objects/Buttons Toggles/Buttons Toggles.html', 'Buttons Toggles
<a href='#GtkCheckButton' onclick="injectContentInto( 'injectHere',  './content/GTK3/Widgets Objects/Buttons Toggles/GtkCheckButton.html', 'GtkCheckButton
<a href='#GtkModelButton' onclick="injectContentInto( 'injectHere',  './content/GTK3/Widgets Objects/Buttons Toggles/GtkModelButton.html', 'GtkModelButton
<a href='#GtkButton' onclick="injectContentInto( 'injectHere',  './content/GTK3/Widgets Objects/Buttons Toggles/GtkButton.html', 'GtkButton
<a href='#GtkToggleButton' onclick="injectContentInto( 'injectHere',  './content/GTK3/Widgets Objects/Buttons Toggles/GtkToggleButton.html', 'GtkToggleButton
<a href='#GtkLinkButton' onclick="injectContentInto( 'injectHere',  './content/GTK3/Widgets Objects/Buttons Toggles/GtkLinkButton.html', 'GtkLinkButton
<a href='#GtkScaleButton' onclick="injectContentInto( 'injectHere',  './content/GTK3/Widgets Objects/Buttons Toggles/GtkScaleButton.html', 'GtkScaleButton
<a href='#GtkRadioButton' onclick="injectContentInto( 'injectHere',  './content/GTK3/Widgets Objects/Buttons Toggles/GtkRadioButton.html', 'GtkRadioButton
<a href='#GtkMessageDialog' onclick="injectContentInto( 'injectHere',  './content/GTK3/Widgets Objects/Windows/GtkMessageDialog.html', 'GtkMessageDialog
<a href='#GtkWindowGroup' onclick="injectContentInto( 'injectHere',  './content/GTK3/Widgets Objects/Windows/GtkWindowGroup.html', 'GtkWindowGroup
<a href='#GtkAssistant' onclick="injectContentInto( 'injectHere',  './content/GTK3/Widgets Objects/Windows/GtkAssistant.html', 'GtkAssistant
<a href='#Windows' onclick="injectContentInto( 'injectHere',  './content/GTK3/Widgets Objects/Windows/Windows.html', 'Windows
<a href='#GtkWindow' onclick="injectContentInto( 'injectHere',  './content/GTK3/Widgets Objects/Windows/GtkWindow.html', 'GtkWindow
<a href='#GtkOffscreen' onclick="injectContentInto( 'injectHere',  './content/GTK3/Widgets Objects/Windows/GtkOffscreen.html', 'GtkOffscreen
<a href='#GtkInvisible' onclick="injectContentInto( 'injectHere',  './content/GTK3/Widgets Objects/Windows/GtkInvisible.html', 'GtkInvisible
<a href='#GtkAboutDialog' onclick="injectContentInto( 'injectHere',  './content/GTK3/Widgets Objects/Windows/GtkAboutDialog.html', 'GtkAboutDialog
<a href='#GtkDialog' onclick="injectContentInto( 'injectHere',  './content/GTK3/Widgets Objects/Windows/GtkDialog.html', 'GtkDialog
<a href='#GtkRange' onclick="injectContentInto( 'injectHere',  './content/GTK3/Widgets Objects/Abstract Base/GtkRange.html', 'GtkRange
<a href='#GtkMenuShell' onclick="injectContentInto( 'injectHere',  './content/GTK3/Widgets Objects/Abstract Base/GtkMenuShell.html', 'GtkMenuShell
<a href='#GtkIMContext' onclick="injectContentInto( 'injectHere',  './content/GTK3/Widgets Objects/Abstract Base/GtkIMContext.html', 'GtkIMContext
<a href='#GtkNativeDialog' onclick="injectContentInto( 'injectHere',  './content/GTK3/Widgets Objects/Abstract Base/GtkNativeDialog.html', 'GtkNativeDialog
<a href='#GtkBin' onclick="injectContentInto( 'injectHere',  './content/GTK3/Widgets Objects/Abstract Base/GtkBin.html', 'GtkBin
<a href='#GtkWidget' onclick="injectContentInto( 'injectHere',  './content/GTK3/Widgets Objects/Abstract Base/GtkWidget.html', 'GtkWidget
<a href='#AbstractBase' onclick="injectContentInto( 'injectHere',  './content/GTK3/Widgets Objects/Abstract Base/Abstract Base.html', 'Abstract Base
<a href='#GtkContainer' onclick="injectContentInto( 'injectHere',  './content/GTK3/Widgets Objects/Abstract Base/GtkContainer.html', 'GtkContainer
<a href='#GtkTreeModelFilter' onclick="injectContentInto( 'injectHere',  './content/GTK3/Widgets Objects/TLI Grid Widgets/GtkTreeModelFilter.html', 'GtkTreeModelFilter
<a href='#GtkCellRendererSpinner' onclick="injectContentInto( 'injectHere',  './content/GTK3/Widgets Objects/TLI Grid Widgets/GtkCellRendererSpinner.html', 'GtkCellRendererSpinner
<a href='#GtkCellRendererText' onclick="injectContentInto( 'injectHere',  './content/GTK3/Widgets Objects/TLI Grid Widgets/GtkCellRendererText.html', 'GtkCellRendererText
<a href='#GtkCellRendererPixbuf' onclick="injectContentInto( 'injectHere',  './content/GTK3/Widgets Objects/TLI Grid Widgets/GtkCellRendererPixbuf.html', 'GtkCellRendererPixbuf
<a href='#GtkTreeModelSort' onclick="injectContentInto( 'injectHere',  './content/GTK3/Widgets Objects/TLI Grid Widgets/GtkTreeModelSort.html', 'GtkTreeModelSort
<a href='#GtkCellRendererProgress' onclick="injectContentInto( 'injectHere',  './content/GTK3/Widgets Objects/TLI Grid Widgets/GtkCellRendererProgress.html', 'GtkCellRendererProgress
<a href='#GtkTreeView' onclick="injectContentInto( 'injectHere',  './content/GTK3/Widgets Objects/TLI Grid Widgets/GtkTreeView.html', 'GtkTreeView
<a href='#GtkTreeViewColumn' onclick="injectContentInto( 'injectHere',  './content/GTK3/Widgets Objects/TLI Grid Widgets/GtkTreeViewColumn.html', 'GtkTreeViewColumn
<a href='#GtkCellEditable' onclick="injectContentInto( 'injectHere',  './content/GTK3/Widgets Objects/TLI Grid Widgets/GtkCellEditable.html', 'GtkCellEditable
<a href='#GtkTreeSortable' onclick="injectContentInto( 'injectHere',  './content/GTK3/Widgets Objects/TLI Grid Widgets/GtkTreeSortable.html', 'GtkTreeSortable
<a href='#GtkCellAreaContext' onclick="injectContentInto( 'injectHere',  './content/GTK3/Widgets Objects/TLI Grid Widgets/GtkCellAreaContext.html', 'GtkCellAreaContext
<a href='#GtkCellRendererSpin' onclick="injectContentInto( 'injectHere',  './content/GTK3/Widgets Objects/TLI Grid Widgets/GtkCellRendererSpin.html', 'GtkCellRendererSpin
<a href='#GtkCellRendererToggle' onclick="injectContentInto( 'injectHere',  './content/GTK3/Widgets Objects/TLI Grid Widgets/GtkCellRendererToggle.html', 'GtkCellRendererToggle
<a href='#GtkTreeModel' onclick="injectContentInto( 'injectHere',  './content/GTK3/Widgets Objects/TLI Grid Widgets/GtkTreeModel.html', 'GtkTreeModel
<a href='#GtkListStore' onclick="injectContentInto( 'injectHere',  './content/GTK3/Widgets Objects/TLI Grid Widgets/GtkListStore.html', 'GtkListStore
<a href='#GtkCellRendererAccel' onclick="injectContentInto( 'injectHere',  './content/GTK3/Widgets Objects/TLI Grid Widgets/GtkCellRendererAccel.html', 'GtkCellRendererAccel
<a href='#GtkIconView' onclick="injectContentInto( 'injectHere',  './content/GTK3/Widgets Objects/TLI Grid Widgets/GtkIconView.html', 'GtkIconView
<a href='#GtkTreeViewdad' onclick="injectContentInto( 'injectHere',  './content/GTK3/Widgets Objects/TLI Grid Widgets/GtkTreeView dad.html', 'GtkTreeView dad
<a href='#GtkCellArea' onclick="injectContentInto( 'injectHere',  './content/GTK3/Widgets Objects/TLI Grid Widgets/GtkCellArea.html', 'GtkCellArea
<a href='#GtkTreeSelection' onclick="injectContentInto( 'injectHere',  './content/GTK3/Widgets Objects/TLI Grid Widgets/GtkTreeSelection.html', 'GtkTreeSelection
<a href='#GtkCellAreaBox' onclick="injectContentInto( 'injectHere',  './content/GTK3/Widgets Objects/TLI Grid Widgets/GtkCellAreaBox.html', 'GtkCellAreaBox
<a href='#TLWidgetOverview' onclick="injectContentInto( 'injectHere',  './content/GTK3/Widgets Objects/TLI Grid Widgets/TL Widget Overview.html', 'TL Widget Overview
<a href='#GtkCellRendererCombo' onclick="injectContentInto( 'injectHere',  './content/GTK3/Widgets Objects/TLI Grid Widgets/GtkCellRendererCombo.html', 'GtkCellRendererCombo
<a href='#GtkCellLayout' onclick="injectContentInto( 'injectHere',  './content/GTK3/Widgets Objects/TLI Grid Widgets/GtkCellLayout.html', 'GtkCellLayout
<a href='#TLIGridWidgets' onclick="injectContentInto( 'injectHere',  './content/GTK3/Widgets Objects/TLI Grid Widgets/TLI Grid Widgets.html', 'TLI Grid Widgets
<a href='#GtkCellView' onclick="injectContentInto( 'injectHere',  './content/GTK3/Widgets Objects/TLI Grid Widgets/GtkCellView.html', 'GtkCellView
<a href='#GtkCellRenderer' onclick="injectContentInto( 'injectHere',  './content/GTK3/Widgets Objects/TLI Grid Widgets/GtkCellRenderer.html', 'GtkCellRenderer
<a href='#GtkTreeStore' onclick="injectContentInto( 'injectHere',  './content/GTK3/Widgets Objects/TLI Grid Widgets/GtkTreeStore.html', 'GtkTreeStore
<a href='#GtkPrintUnixDialog' onclick="injectContentInto( 'injectHere',  './content/GTK3/Widgets Objects/Printing/GtkPrintUnixDialog.html', 'GtkPrintUnixDialog
<a href='#GtkPrintOperation' onclick="injectContentInto( 'injectHere',  './content/GTK3/Widgets Objects/Printing/GtkPrintOperation.html', 'GtkPrintOperation
<a href='#GtkPrintJob' onclick="injectContentInto( 'injectHere',  './content/GTK3/Widgets Objects/Printing/GtkPrintJob.html', 'GtkPrintJob
<a href='#GtkPageSetupUnixDialog' onclick="injectContentInto( 'injectHere',  './content/GTK3/Widgets Objects/Printing/GtkPageSetupUnixDialog.html', 'GtkPageSetupUnixDialog
<a href='#Printing' onclick="injectContentInto( 'injectHere',  './content/GTK3/Widgets Objects/Printing/Printing.html', 'Printing
<a href='#GtkPageSetup' onclick="injectContentInto( 'injectHere',  './content/GTK3/Widgets Objects/Printing/GtkPageSetup.html', 'GtkPageSetup
<a href='#GtkPaperSize' onclick="injectContentInto( 'injectHere',  './content/GTK3/Widgets Objects/Printing/GtkPaperSize.html', 'GtkPaperSize
<a href='#GtkPrinter' onclick="injectContentInto( 'injectHere',  './content/GTK3/Widgets Objects/Printing/GtkPrinter.html', 'GtkPrinter
<a href='#GtkPrintSettings' onclick="injectContentInto( 'injectHere',  './content/GTK3/Widgets Objects/Printing/GtkPrintSettings.html', 'GtkPrintSettings
<a href='#GtkPrintContext' onclick="injectContentInto( 'injectHere',  './content/GTK3/Widgets Objects/Printing/GtkPrintContext.html', 'GtkPrintContext
<a href='#MultilineText' onclick="injectContentInto( 'injectHere',  './content/GTK3/Widgets Objects/Multiline Text/Multiline Text.html', 'Multiline Text
<a href='#GtkTextIter' onclick="injectContentInto( 'injectHere',  './content/GTK3/Widgets Objects/Multiline Text/GtkTextIter.html', 'GtkTextIter
<a href='#GtkTextTagTable' onclick="injectContentInto( 'injectHere',  './content/GTK3/Widgets Objects/Multiline Text/GtkTextTagTable.html', 'GtkTextTagTable
<a href='#GtkTextTag' onclick="injectContentInto( 'injectHere',  './content/GTK3/Widgets Objects/Multiline Text/GtkTextTag.html', 'GtkTextTag
<a href='#GtkTextMark' onclick="injectContentInto( 'injectHere',  './content/GTK3/Widgets Objects/Multiline Text/GtkTextMark.html', 'GtkTextMark
<a href='#GtkTextView' onclick="injectContentInto( 'injectHere',  './content/GTK3/Widgets Objects/Multiline Text/GtkTextView.html', 'GtkTextView
<a href='#GtkTextBuffer' onclick="injectContentInto( 'injectHere',  './content/GTK3/Widgets Objects/Multiline Text/GtkTextBuffer.html', 'GtkTextBuffer
<a href='#TextOverview' onclick="injectContentInto( 'injectHere',  './content/GTK3/Widgets Objects/Multiline Text/Text Overview.html', 'Text Overview
<a href='#GtkListBox' onclick="injectContentInto( 'injectHere',  './content/GTK3/Widgets Objects/Layout Containers/GtkListBox.html', 'GtkListBox
<a href='#GtkButtonBox' onclick="injectContentInto( 'injectHere',  './content/GTK3/Widgets Objects/Layout Containers/GtkButtonBox.html', 'GtkButtonBox
<a href='#GtkBox' onclick="injectContentInto( 'injectHere',  './content/GTK3/Widgets Objects/Layout Containers/GtkBox.html', 'GtkBox
<a href='#GtkLayout' onclick="injectContentInto( 'injectHere',  './content/GTK3/Widgets Objects/Layout Containers/GtkLayout.html', 'GtkLayout
<a href='#LayoutContainers' onclick="injectContentInto( 'injectHere',  './content/GTK3/Widgets Objects/Layout Containers/Layout Containers.html', 'Layout Containers
<a href='#GtkStackSidebar' onclick="injectContentInto( 'injectHere',  './content/GTK3/Widgets Objects/Layout Containers/GtkStackSidebar.html', 'GtkStackSidebar
<a href='#GtkOverlay' onclick="injectContentInto( 'injectHere',  './content/GTK3/Widgets Objects/Layout Containers/GtkOverlay.html', 'GtkOverlay
<a href='#GtkAspectFrame' onclick="injectContentInto( 'injectHere',  './content/GTK3/Widgets Objects/Layout Containers/GtkAspectFrame.html', 'GtkAspectFrame
<a href='#GtkNotebook' onclick="injectContentInto( 'injectHere',  './content/GTK3/Widgets Objects/Layout Containers/GtkNotebook.html', 'GtkNotebook
<a href='#GtkGrid' onclick="injectContentInto( 'injectHere',  './content/GTK3/Widgets Objects/Layout Containers/GtkGrid.html', 'GtkGrid
<a href='#GtkStackSwitcher' onclick="injectContentInto( 'injectHere',  './content/GTK3/Widgets Objects/Layout Containers/GtkStackSwitcher.html', 'GtkStackSwitcher
<a href='#GtkHeaderBar' onclick="injectContentInto( 'injectHere',  './content/GTK3/Widgets Objects/Layout Containers/GtkHeaderBar.html', 'GtkHeaderBar
<a href='#GtkRevealer' onclick="injectContentInto( 'injectHere',  './content/GTK3/Widgets Objects/Layout Containers/GtkRevealer.html', 'GtkRevealer
<a href='#GtkExpander' onclick="injectContentInto( 'injectHere',  './content/GTK3/Widgets Objects/Layout Containers/GtkExpander.html', 'GtkExpander
<a href='#GtkOrientable' onclick="injectContentInto( 'injectHere',  './content/GTK3/Widgets Objects/Layout Containers/GtkOrientable.html', 'GtkOrientable
<a href='#GtkFlowBox' onclick="injectContentInto( 'injectHere',  './content/GTK3/Widgets Objects/Layout Containers/GtkFlowBox.html', 'GtkFlowBox
<a href='#GtkStack' onclick="injectContentInto( 'injectHere',  './content/GTK3/Widgets Objects/Layout Containers/GtkStack.html', 'GtkStack
<a href='#GtkPaned' onclick="injectContentInto( 'injectHere',  './content/GTK3/Widgets Objects/Layout Containers/GtkPaned.html', 'GtkPaned
<a href='#GtkFixed' onclick="injectContentInto( 'injectHere',  './content/GTK3/Widgets Objects/Layout Containers/GtkFixed.html', 'GtkFixed
<a href='#GtkActionBar' onclick="injectContentInto( 'injectHere',  './content/GTK3/Widgets Objects/Layout Containers/GtkActionBar.html', 'GtkActionBar
<a href='#GtkPlug' onclick="injectContentInto( 'injectHere',  './content/GTK3/Widgets Objects/Cross Embedding/GtkPlug.html', 'GtkPlug
<a href='#GtkSocket' onclick="injectContentInto( 'injectHere',  './content/GTK3/Widgets Objects/Cross Embedding/GtkSocket.html', 'GtkSocket
<a href='#CrossEmbedding' onclick="injectContentInto( 'injectHere',  './content/GTK3/Widgets Objects/Cross Embedding/Cross Embedding.html', 'Cross Embedding
<a href='#GtkFrame' onclick="injectContentInto( 'injectHere',  './content/GTK3/Widgets Objects/Ornaments/GtkFrame.html', 'GtkFrame
<a href='#GtkSeparator' onclick="injectContentInto( 'injectHere',  './content/GTK3/Widgets Objects/Ornaments/GtkSeparator.html', 'GtkSeparator
<a href='#Ornaments' onclick="injectContentInto( 'injectHere',  './content/GTK3/Widgets Objects/Ornaments/Ornaments.html', 'Ornaments
<a href='#WidgetGallery' onclick="injectContentInto( 'injectHere',  './content/GTK3/Widgets Objects/Widget Gallery.html', 'Widget Gallery
<a href='#GtkScrollable' onclick="injectContentInto( 'injectHere',  './content/GTK3/Widgets Objects/Scrolling/GtkScrollable.html', 'GtkScrollable
<a href='#GtkScrolledWindow' onclick="injectContentInto( 'injectHere',  './content/GTK3/Widgets Objects/Scrolling/GtkScrolledWindow.html', 'GtkScrolledWindow
<a href='#GtkScrollbar' onclick="injectContentInto( 'injectHere',  './content/GTK3/Widgets Objects/Scrolling/GtkScrollbar.html', 'GtkScrollbar
<a href='#Scrolling' onclick="injectContentInto( 'injectHere',  './content/GTK3/Widgets Objects/Scrolling/Scrolling.html', 'Scrolling
<a href='#GtkAppChooserButton' onclick="injectContentInto( 'injectHere',  './content/GTK3/Widgets Objects/Choosing installed/GtkAppChooserButton.html', 'GtkAppChooserButton
<a href='#GtkAppChooserDialog' onclick="injectContentInto( 'injectHere',  './content/GTK3/Widgets Objects/Choosing installed/GtkAppChooserDialog.html', 'GtkAppChooserDialog
<a href='#GtkAppChooserWidget' onclick="injectContentInto( 'injectHere',  './content/GTK3/Widgets Objects/Choosing installed/GtkAppChooserWidget.html', 'GtkAppChooserWidget
<a href='#Choosinginstalled' onclick="injectContentInto( 'injectHere',  './content/GTK3/Widgets Objects/Choosing installed/Choosing installed.html', 'Choosing installed
<a href='#GtkAppChooser' onclick="injectContentInto( 'injectHere',  './content/GTK3/Widgets Objects/Choosing installed/GtkAppChooser.html', 'GtkAppChooser
<a href='#GtkShortcutsShortcut' onclick="injectContentInto( 'injectHere',  './content/GTK3/Widgets Objects/Shortcuts Overview/GtkShortcutsShortcut.html', 'GtkShortcutsShortcut
<a href='#ShortcutsOverview' onclick="injectContentInto( 'injectHere',  './content/GTK3/Widgets Objects/Shortcuts Overview/Shortcuts Overview.html', 'Shortcuts Overview
<a href='#GtkShortcutsSection' onclick="injectContentInto( 'injectHere',  './content/GTK3/Widgets Objects/Shortcuts Overview/GtkShortcutsSection.html', 'GtkShortcutsSection
<a href='#GtkShortcutsGroup' onclick="injectContentInto( 'injectHere',  './content/GTK3/Widgets Objects/Shortcuts Overview/GtkShortcutsGroup.html', 'GtkShortcutsGroup
<a href='#GtkShortcutsWindow' onclick="injectContentInto( 'injectHere',  './content/GTK3/Widgets Objects/Shortcuts Overview/GtkShortcutsWindow.html', 'GtkShortcutsWindow
<a href='#GtkAppWindow' onclick="injectContentInto( 'injectHere',  './content/GTK3/Widgets Objects/App support/GtkAppWindow.html', 'GtkAppWindow
<a href='#Appsupport' onclick="injectContentInto( 'injectHere',  './content/GTK3/Widgets Objects/App support/App support.html', 'App support
<a href='#GtkAction' onclick="injectContentInto( 'injectHere',  './content/GTK3/Widgets Objects/App support/GtkAction.html', 'GtkAction
<a href='#GtkApp' onclick="injectContentInto( 'injectHere',  './content/GTK3/Widgets Objects/App support/GtkApp.html', 'GtkApp
<a href='#Miscellaneous' onclick="injectContentInto( 'injectHere',  './content/GTK3/Widgets Objects/Miscellaneous/Miscellaneous.html', 'Miscellaneous
<a href='#GtkIMMulticontext' onclick="injectContentInto( 'injectHere',  './content/GTK3/Widgets Objects/Miscellaneous/GtkIMMulticontext.html', 'GtkIMMulticontext
<a href='#GtkSizeGroup' onclick="injectContentInto( 'injectHere',  './content/GTK3/Widgets Objects/Miscellaneous/GtkSizeGroup.html', 'GtkSizeGroup
<a href='#GtkEventBox' onclick="injectContentInto( 'injectHere',  './content/GTK3/Widgets Objects/Miscellaneous/GtkEventBox.html', 'GtkEventBox
<a href='#GtkIMContextSimple' onclick="injectContentInto( 'injectHere',  './content/GTK3/Widgets Objects/Miscellaneous/GtkIMContextSimple.html', 'GtkIMContextSimple
<a href='#GtkGLArea' onclick="injectContentInto( 'injectHere',  './content/GTK3/Widgets Objects/Miscellaneous/GtkGLArea.html', 'GtkGLArea
<a href='#GtkAccessible' onclick="injectContentInto( 'injectHere',  './content/GTK3/Widgets Objects/Miscellaneous/GtkAccessible.html', 'GtkAccessible
<a href='#GtkAdjustment' onclick="injectContentInto( 'injectHere',  './content/GTK3/Widgets Objects/Miscellaneous/GtkAdjustment.html', 'GtkAdjustment
<a href='#GtkDrawingArea' onclick="injectContentInto( 'injectHere',  './content/GTK3/Widgets Objects/Miscellaneous/GtkDrawingArea.html', 'GtkDrawingArea
<a href='#GtkCalendar' onclick="injectContentInto( 'injectHere',  './content/GTK3/Widgets Objects/Miscellaneous/GtkCalendar.html', 'GtkCalendar
<a href='#GtkViewport' onclick="injectContentInto( 'injectHere',  './content/GTK3/Widgets Objects/Miscellaneous/GtkViewport.html', 'GtkViewport
<a href='#GtkHandleBox' onclick="injectContentInto( 'injectHere',  './content/GTK3/Widgets Objects/Miscellaneous/GtkHandleBox.html', 'GtkHandleBox
<a href='#GtkTooltip' onclick="injectContentInto( 'injectHere',  './content/GTK3/Widgets Objects/Miscellaneous/GtkTooltip.html', 'GtkTooltip
<a href='#GtkRecentChooser' onclick="injectContentInto( 'injectHere',  './content/GTK3/Widgets Objects/Recently Used/GtkRecentChooser.html', 'GtkRecentChooser
<a href='#GtkRecentChooserMenu' onclick="injectContentInto( 'injectHere',  './content/GTK3/Widgets Objects/Recently Used/GtkRecentChooserMenu.html', 'GtkRecentChooserMenu
<a href='#RecentlyUsed' onclick="injectContentInto( 'injectHere',  './content/GTK3/Widgets Objects/Recently Used/Recently Used.html', 'Recently Used
<a href='#GtkRecentManager' onclick="injectContentInto( 'injectHere',  './content/GTK3/Widgets Objects/Recently Used/GtkRecentManager.html', 'GtkRecentManager
<a href='#GtkRecentFilter' onclick="injectContentInto( 'injectHere',  './content/GTK3/Widgets Objects/Recently Used/GtkRecentFilter.html', 'GtkRecentFilter
<a href='#GtkRecentChooserDialog' onclick="injectContentInto( 'injectHere',  './content/GTK3/Widgets Objects/Recently Used/GtkRecentChooserDialog.html', 'GtkRecentChooserDialog
<a href='#GtkRecentChooserWidget' onclick="injectContentInto( 'injectHere',  './content/GTK3/Widgets Objects/Recently Used/GtkRecentChooserWidget.html', 'GtkRecentChooserWidget
<a href='#GtkSpinButton' onclick="injectContentInto( 'injectHere',  './content/GTK3/Widgets Objects/Numeric Text Entry/GtkSpinButton.html', 'GtkSpinButton
<a href='#NumericTextEntry' onclick="injectContentInto( 'injectHere',  './content/GTK3/Widgets Objects/Numeric Text Entry/Numeric Text Entry.html', 'Numeric Text Entry
<a href='#GtkEditable' onclick="injectContentInto( 'injectHere',  './content/GTK3/Widgets Objects/Numeric Text Entry/GtkEditable.html', 'GtkEditable
<a href='#GtkScale' onclick="injectContentInto( 'injectHere',  './content/GTK3/Widgets Objects/Numeric Text Entry/GtkScale.html', 'GtkScale
<a href='#GtkEntryCompletion' onclick="injectContentInto( 'injectHere',  './content/GTK3/Widgets Objects/Numeric Text Entry/GtkEntryCompletion.html', 'GtkEntryCompletion
<a href='#GtkEntryBuffer' onclick="injectContentInto( 'injectHere',  './content/GTK3/Widgets Objects/Numeric Text Entry/GtkEntryBuffer.html', 'GtkEntryBuffer
<a href='#GtkSearchBar' onclick="injectContentInto( 'injectHere',  './content/GTK3/Widgets Objects/Numeric Text Entry/GtkSearchBar.html', 'GtkSearchBar
<a href='#GtkSearchEntry' onclick="injectContentInto( 'injectHere',  './content/GTK3/Widgets Objects/Numeric Text Entry/GtkSearchEntry.html', 'GtkSearchEntry
<a href='#GtkEntry' onclick="injectContentInto( 'injectHere',  './content/GTK3/Widgets Objects/Numeric Text Entry/GtkEntry.html', 'GtkEntry
<a href='#ObjectHierarchy' onclick="injectContentInto( 'injectHere',  './content/GTK3/Widgets Objects/Object Hierarchy.html', 'Object Hierarchy
<a href='#GtkCheckMenuItem' onclick="injectContentInto( 'injectHere',  './content/GTK3/Widgets Objects/Menu Combo Tool/GtkCheckMenuItem.html', 'GtkCheckMenuItem
<a href='#GtkToggleToolButton' onclick="injectContentInto( 'injectHere',  './content/GTK3/Widgets Objects/Menu Combo Tool/GtkToggleToolButton.html', 'GtkToggleToolButton
<a href='#GtkSeparatorMenuItem' onclick="injectContentInto( 'injectHere',  './content/GTK3/Widgets Objects/Menu Combo Tool/GtkSeparatorMenuItem.html', 'GtkSeparatorMenuItem
<a href='#GtkToolItemGroup' onclick="injectContentInto( 'injectHere',  './content/GTK3/Widgets Objects/Menu Combo Tool/GtkToolItemGroup.html', 'GtkToolItemGroup
<a href='#GtkPopoverMenu' onclick="injectContentInto( 'injectHere',  './content/GTK3/Widgets Objects/Menu Combo Tool/GtkPopoverMenu.html', 'GtkPopoverMenu
<a href='#GtkMenuItem' onclick="injectContentInto( 'injectHere',  './content/GTK3/Widgets Objects/Menu Combo Tool/GtkMenuItem.html', 'GtkMenuItem
<a href='#GtkComboBox' onclick="injectContentInto( 'injectHere',  './content/GTK3/Widgets Objects/Menu Combo Tool/GtkComboBox.html', 'GtkComboBox
<a href='#GtkComboBoxText' onclick="injectContentInto( 'injectHere',  './content/GTK3/Widgets Objects/Menu Combo Tool/GtkComboBoxText.html', 'GtkComboBoxText
<a href='#GtkMenuBar' onclick="injectContentInto( 'injectHere',  './content/GTK3/Widgets Objects/Menu Combo Tool/GtkMenuBar.html', 'GtkMenuBar
<a href='#GtkToolButton' onclick="injectContentInto( 'injectHere',  './content/GTK3/Widgets Objects/Menu Combo Tool/GtkToolButton.html', 'GtkToolButton
<a href='#GtkToolPalette' onclick="injectContentInto( 'injectHere',  './content/GTK3/Widgets Objects/Menu Combo Tool/GtkToolPalette.html', 'GtkToolPalette
<a href='#GtkRadioMenuItem' onclick="injectContentInto( 'injectHere',  './content/GTK3/Widgets Objects/Menu Combo Tool/GtkRadioMenuItem.html', 'GtkRadioMenuItem
<a href='#GtkToolbar' onclick="injectContentInto( 'injectHere',  './content/GTK3/Widgets Objects/Menu Combo Tool/GtkToolbar.html', 'GtkToolbar
<a href='#GtkToolItem' onclick="injectContentInto( 'injectHere',  './content/GTK3/Widgets Objects/Menu Combo Tool/GtkToolItem.html', 'GtkToolItem
<a href='#GtkMenuToolButton' onclick="injectContentInto( 'injectHere',  './content/GTK3/Widgets Objects/Menu Combo Tool/GtkMenuToolButton.html', 'GtkMenuToolButton
<a href='#MenuComboTool' onclick="injectContentInto( 'injectHere',  './content/GTK3/Widgets Objects/Menu Combo Tool/Menu Combo Tool.html', 'Menu Combo Tool
<a href='#GtkMenu' onclick="injectContentInto( 'injectHere',  './content/GTK3/Widgets Objects/Menu Combo Tool/GtkMenu.html', 'GtkMenu
<a href='#GtkToolShell' onclick="injectContentInto( 'injectHere',  './content/GTK3/Widgets Objects/Menu Combo Tool/GtkToolShell.html', 'GtkToolShell
<a href='#GtkPopover' onclick="injectContentInto( 'injectHere',  './content/GTK3/Widgets Objects/Menu Combo Tool/GtkPopover.html', 'GtkPopover
<a href='#GtkSeparatorToolItem' onclick="injectContentInto( 'injectHere',  './content/GTK3/Widgets Objects/Menu Combo Tool/GtkSeparatorToolItem.html', 'GtkSeparatorToolItem
<a href='#GtkRadioToolButton' onclick="injectContentInto( 'injectHere',  './content/GTK3/Widgets Objects/Menu Combo Tool/GtkRadioToolButton.html', 'GtkRadioToolButton
<a href='#GtkBuilder' onclick="injectContentInto( 'injectHere',  './content/GTK3/Widgets Objects/Interface builder/GtkBuilder.html', 'GtkBuilder
<a href='#GtkBuildable' onclick="injectContentInto( 'injectHere',  './content/GTK3/Widgets Objects/Interface builder/GtkBuildable.html', 'GtkBuildable
<a href='#Interfacebuilder' onclick="injectContentInto( 'injectHere',  './content/GTK3/Widgets Objects/Interface builder/Interface builder.html', 'Interface builder
<a href='#GtkColorSelectionDialog' onclick="injectContentInto( 'injectHere',  './content/GTK3/Widgets Objects/Deprecated/GtkColorSelectionDialog.html', 'GtkColorSelectionDialog
<a href='#GtkStyle' onclick="injectContentInto( 'injectHere',  './content/GTK3/Widgets Objects/Deprecated/GtkStyle.html', 'GtkStyle
<a href='#GtkVPaned' onclick="injectContentInto( 'injectHere',  './content/GTK3/Widgets Objects/Deprecated/GtkVPaned.html', 'GtkVPaned
<a href='#GtkColorSelection' onclick="injectContentInto( 'injectHere',  './content/GTK3/Widgets Objects/Deprecated/GtkColorSelection.html', 'GtkColorSelection
<a href='#GtkArrow' onclick="injectContentInto( 'injectHere',  './content/GTK3/Widgets Objects/Deprecated/GtkArrow.html', 'GtkArrow
<a href='#GtkToggleAction' onclick="injectContentInto( 'injectHere',  './content/GTK3/Widgets Objects/Deprecated/GtkToggleAction.html', 'GtkToggleAction
<a href='#GtkMisc' onclick="injectContentInto( 'injectHere',  './content/GTK3/Widgets Objects/Deprecated/GtkMisc.html', 'GtkMisc
<a href='#GtkVSeparator' onclick="injectContentInto( 'injectHere',  './content/GTK3/Widgets Objects/Deprecated/GtkVSeparator.html', 'GtkVSeparator
<a href='#GtkTearOffMenuItem' onclick="injectContentInto( 'injectHere',  './content/GTK3/Widgets Objects/Deprecated/GtkTearOffMenuItem.html', 'GtkTearOffMenuItem
<a href='#StockItems' onclick="injectContentInto( 'injectHere',  './content/GTK3/Widgets Objects/Deprecated/Stock Items.html', 'Stock Items
<a href='#GtkTable' onclick="injectContentInto( 'injectHere',  './content/GTK3/Widgets Objects/Deprecated/GtkTable.html', 'GtkTable
<a href='#GtkNumerableIcon' onclick="injectContentInto( 'injectHere',  './content/GTK3/Widgets Objects/Deprecated/GtkNumerableIcon.html', 'GtkNumerableIcon
<a href='#GtkSymbolicColor' onclick="injectContentInto( 'injectHere',  './content/GTK3/Widgets Objects/Deprecated/GtkSymbolicColor.html', 'GtkSymbolicColor
<a href='#GtkVBox' onclick="injectContentInto( 'injectHere',  './content/GTK3/Widgets Objects/Deprecated/GtkVBox.html', 'GtkVBox
<a href='#GtkUIManager' onclick="injectContentInto( 'injectHere',  './content/GTK3/Widgets Objects/Deprecated/GtkUIManager.html', 'GtkUIManager
<a href='#GtkHButtonBox' onclick="injectContentInto( 'injectHere',  './content/GTK3/Widgets Objects/Deprecated/GtkHButtonBox.html', 'GtkHButtonBox
<a href='#GtkActionGroup' onclick="injectContentInto( 'injectHere',  './content/GTK3/Widgets Objects/Deprecated/GtkActionGroup.html', 'GtkActionGroup
<a href='#GtkGradient' onclick="injectContentInto( 'injectHere',  './content/GTK3/Widgets Objects/Deprecated/GtkGradient.html', 'GtkGradient
<a href='#GtkAlignment' onclick="injectContentInto( 'injectHere',  './content/GTK3/Widgets Objects/Deprecated/GtkAlignment.html', 'GtkAlignment
<a href='#GtkHBox' onclick="injectContentInto( 'injectHere',  './content/GTK3/Widgets Objects/Deprecated/GtkHBox.html', 'GtkHBox
<a href='#Deprecated' onclick="injectContentInto( 'injectHere',  './content/GTK3/Widgets Objects/Deprecated/Deprecated.html', 'Deprecated
<a href='#GtkAction' onclick="injectContentInto( 'injectHere',  './content/GTK3/Widgets Objects/Deprecated/GtkAction.html', 'GtkAction
<a href='#GtkHSV' onclick="injectContentInto( 'injectHere',  './content/GTK3/Widgets Objects/Deprecated/GtkHSV.html', 'GtkHSV
<a href='#GtkRadioAction' onclick="injectContentInto( 'injectHere',  './content/GTK3/Widgets Objects/Deprecated/GtkRadioAction.html', 'GtkRadioAction
<a href='#GtkRecentAction' onclick="injectContentInto( 'injectHere',  './content/GTK3/Widgets Objects/Deprecated/GtkRecentAction.html', 'GtkRecentAction
<a href='#GtkHSeparator' onclick="injectContentInto( 'injectHere',  './content/GTK3/Widgets Objects/Deprecated/GtkHSeparator.html', 'GtkHSeparator
<a href='#GtkVButtonBox' onclick="injectContentInto( 'injectHere',  './content/GTK3/Widgets Objects/Deprecated/GtkVButtonBox.html', 'GtkVButtonBox
<a href='#GtkFontSelection' onclick="injectContentInto( 'injectHere',  './content/GTK3/Widgets Objects/Deprecated/GtkFontSelection.html', 'GtkFontSelection
<a href='#GtkHScrollbar' onclick="injectContentInto( 'injectHere',  './content/GTK3/Widgets Objects/Deprecated/GtkHScrollbar.html', 'GtkHScrollbar
<a href='#ResourceFiles' onclick="injectContentInto( 'injectHere',  './content/GTK3/Widgets Objects/Deprecated/Resource Files.html', 'Resource Files
<a href='#GtkFontSelectionDialog' onclick="injectContentInto( 'injectHere',  './content/GTK3/Widgets Objects/Deprecated/GtkFontSelectionDialog.html', 'GtkFontSelectionDialog
<a href='#GtkHPaned' onclick="injectContentInto( 'injectHere',  './content/GTK3/Widgets Objects/Deprecated/GtkHPaned.html', 'GtkHPaned
<a href='#GtkActivatable' onclick="injectContentInto( 'injectHere',  './content/GTK3/Widgets Objects/Deprecated/GtkActivatable.html', 'GtkActivatable
<a href='#GtkVScale' onclick="injectContentInto( 'injectHere',  './content/GTK3/Widgets Objects/Deprecated/GtkVScale.html', 'GtkVScale
<a href='#GtkVScrollbar' onclick="injectContentInto( 'injectHere',  './content/GTK3/Widgets Objects/Deprecated/GtkVScrollbar.html', 'GtkVScrollbar
<a href='#GtkStatusIcon' onclick="injectContentInto( 'injectHere',  './content/GTK3/Widgets Objects/Deprecated/GtkStatusIcon.html', 'GtkStatusIcon
<a href='#GtkThemingEngine' onclick="injectContentInto( 'injectHere',  './content/GTK3/Widgets Objects/Deprecated/GtkThemingEngine.html', 'GtkThemingEngine
<a href='#GtkHScale' onclick="injectContentInto( 'injectHere',  './content/GTK3/Widgets Objects/Deprecated/GtkHScale.html', 'GtkHScale
<a href='#ThemeableStock' onclick="injectContentInto( 'injectHere',  './content/GTK3/Widgets Objects/Deprecated/Themeable Stock.html', 'Themeable Stock
<a href='#GtkImageMenuItem' onclick="injectContentInto( 'injectHere',  './content/GTK3/Widgets Objects/Deprecated/GtkImageMenuItem.html', 'GtkImageMenuItem
<a href='#SymbolIndex' onclick="injectContentInto( 'injectHere',  './content/GTK3/Symbol Index/Symbol Index.html', 'Symbol Index
<a href='#Extendingparser' onclick="injectContentInto( 'injectHere',  './content/GTK3/Migrating/Theming changes/Extending parser.html', 'Extending parser
<a href='#UsingCSS' onclick="injectContentInto( 'injectHere',  './content/GTK3/Migrating/Theming changes/Using CSS.html', 'Using CSS
<a href='#Themingchanges' onclick="injectContentInto( 'injectHere',  './content/GTK3/Migrating/Theming changes/Theming changes.html', 'Theming changes
<a href='#Migratingthemes' onclick="injectContentInto( 'injectHere',  './content/GTK3/Migrating/Theming changes/Migrating themes.html', 'Migrating themes
<a href='#Bonuspoints' onclick="injectContentInto( 'injectHere',  './content/GTK3/Migrating/Theming changes/Bonus points.html', 'Bonus points
<a href='#Parsingresources' onclick="injectContentInto( 'injectHere',  './content/GTK3/Migrating/Theming changes/Parsing resources.html', 'Parsing resources
<a href='#widgetchecklist' onclick="injectContentInto( 'injectHere',  './content/GTK3/Migrating/Theming changes/widget checklist.html', 'widget checklist
<a href='#Migratingengines' onclick="injectContentInto( 'injectHere',  './content/GTK3/Migrating/Theming changes/Migrating engines.html', 'Migrating engines
<a href='#MigratingGTK' onclick="injectContentInto( 'injectHere',  './content/GTK3/Migrating/Migrating GTK.html', 'Migrating GTK
<a href='#MigrationDetails' onclick="injectContentInto( 'injectHere',  './content/GTK3/Migrating/Migration Details/Migration Details.html', 'Migration Details
<a href='#modifierkeys' onclick="injectContentInto( 'injectHere',  './content/GTK3/Migrating/Migration Details/modifier keys.html', 'modifier keys
<a href='#UseGdkEventExpose' onclick="injectContentInto( 'injectHere',  './content/GTK3/Migrating/Migration Details/Use GdkEventExpose.html', 'Use GdkEventExpose
<a href='#ImplementGtkWidget' onclick="injectContentInto( 'injectHere',  './content/GTK3/Migrating/Migration Details/Implement GtkWidget.html', 'Implement GtkWidget
<a href='#namedicons' onclick="injectContentInto( 'injectHere',  './content/GTK3/Migrating/Migration Details/named icons.html', 'named icons
<a href='#Migratingother' onclick="injectContentInto( 'injectHere',  './content/GTK3/Migrating/Migrating other/Migrating other.html', 'Migrating other
<a href='#GtkGridspacing' onclick="injectContentInto( 'injectHere',  './content/GTK3/Migrating/Migrating other/GtkGrid spacing.html', 'GtkGrid spacing
<a href='#GtkGridpacking' onclick="injectContentInto( 'injectHere',  './content/GTK3/Migrating/Migrating other/GtkGrid packing.html', 'GtkGrid packing
<a href='#GtkGridsizing' onclick="injectContentInto( 'injectHere',  './content/GTK3/Migrating/Migrating other/GtkGrid sizing.html', 'GtkGrid sizing
<a href='#individualheaders' onclick="injectContentInto( 'injectHere',  './content/GTK3/Migrating/Migrating 2/Preparation in 2/individual headers.html', 'individual headers
<a href='#cairo' onclick="injectContentInto( 'injectHere',  './content/GTK3/Migrating/Migrating 2/Preparation in 2/cairo.html', 'cairo
<a href='#ReplaceGDK' onclick="injectContentInto( 'injectHere',  './content/GTK3/Migrating/Migrating 2/Preparation in 2/Replace GDK.html', 'Replace GDK
<a href='#GIOapplaunch' onclick="injectContentInto( 'injectHere',  './content/GTK3/Migrating/Migrating 2/Preparation in 2/GIO app launch.html', 'GIO app launch
<a href='#accessorfunctions' onclick="injectContentInto( 'injectHere',  './content/GTK3/Migrating/Migrating 2/Preparation in 2/accessor functions.html', 'accessor functions
<a href='#deprecatedsymbols' onclick="injectContentInto( 'injectHere',  './content/GTK3/Migrating/Migrating 2/Preparation in 2/deprecated symbols.html', 'deprecated symbols
<a href='#Preparationin2' onclick="injectContentInto( 'injectHere',  './content/GTK3/Migrating/Migrating 2/Preparation in 2/Preparation in 2.html', 'Preparation in 2
<a href='#Migrating2' onclick="injectContentInto( 'injectHere',  './content/GTK3/Migrating/Migrating 2/Migrating 2.html', 'Migrating 2
<a href='#ReplaceGdkRegion' onclick="injectContentInto( 'injectHere',  './content/GTK3/Migrating/Migrating 2/Changes at switch/Replace GdkRegion.html', 'Replace GdkRegion
<a href='#Backend' onclick="injectContentInto( 'injectHere',  './content/GTK3/Migrating/Migrating 2/Changes at switch/Backend.html', 'Backend
<a href='#GtkProgressBar' onclick="injectContentInto( 'injectHere',  './content/GTK3/Migrating/Migrating 2/Changes at switch/GtkProgressBar.html', 'GtkProgressBar
<a href='#GdkDrawable' onclick="injectContentInto( 'injectHere',  './content/GTK3/Migrating/Migrating 2/Changes at switch/GdkDrawable.html', 'GdkDrawable
<a href='#Eventfiltering' onclick="injectContentInto( 'injectHere',  './content/GTK3/Migrating/Migrating 2/Changes at switch/Event filtering.html', 'Event filtering
<a href='#expandfillflags' onclick="injectContentInto( 'injectHere',  './content/GTK3/Migrating/Migrating 2/Changes at switch/expand fill flags.html', 'expand fill flags
<a href='#Scrollingchanges' onclick="injectContentInto( 'injectHere',  './content/GTK3/Migrating/Migrating 2/Changes at switch/Scrolling changes.html', 'Scrolling changes
<a href='#Replacesize' onclick="injectContentInto( 'injectHere',  './content/GTK3/Migrating/Migrating 2/Changes at switch/Replace size.html', 'Replace size
<a href='#GtkObject' onclick="injectContentInto( 'injectHere',  './content/GTK3/Migrating/Migrating 2/Changes at switch/GtkObject.html', 'GtkObject
<a href='#GtkWidget' onclick="injectContentInto( 'injectHere',  './content/GTK3/Migrating/Migrating 2/Changes at switch/GtkWidget.html', 'GtkWidget
<a href='#Installmodules' onclick="injectContentInto( 'injectHere',  './content/GTK3/Migrating/Migrating 2/Changes at switch/Install modules.html', 'Install modules
<a href='#GtkPlugGtkSocket' onclick="injectContentInto( 'injectHere',  './content/GTK3/Migrating/Migrating 2/Changes at switch/GtkPlug GtkSocket.html', 'GtkPlug GtkSocket
<a href='#mixedlinkage' onclick="injectContentInto( 'injectHere',  './content/GTK3/Migrating/Migrating 2/Changes at switch/mixed linkage.html', 'mixed linkage
<a href='#Resizegrips' onclick="injectContentInto( 'injectHere',  './content/GTK3/Migrating/Migrating 2/Changes at switch/Resize grips.html', 'Resize grips
<a href='#GtkEntryCompletion' onclick="injectContentInto( 'injectHere',  './content/GTK3/Migrating/Migrating 2/Changes at switch/GtkEntryCompletion.html', 'GtkEntryCompletion
<a href='#Changesatswitch' onclick="injectContentInto( 'injectHere',  './content/GTK3/Migrating/Migrating 2/Changes at switch/Changes at switch.html', 'Changes at switch
<a href='#ReplaceGdkPixmap' onclick="injectContentInto( 'injectHere',  './content/GTK3/Migrating/Migrating 2/Changes at switch/Replace GdkPixmap.html', 'Replace GdkPixmap
<a href='#ReplaceGdkColormap' onclick="injectContentInto( 'injectHere',  './content/GTK3/Migrating/Migrating 2/Changes at switch/Replace GdkColormap.html', 'Replace GdkColormap
<a href='#Migratinglibunique' onclick="injectContentInto( 'injectHere',  './content/GTK3/Migrating/Migrating libunique/Migrating libunique.html', 'Migrating libunique
<a href='#Commandsmessages' onclick="injectContentInto( 'injectHere',  './content/GTK3/Migrating/Migrating libunique/Commands messages.html', 'Commands messages
<a href='#Uniqueness' onclick="injectContentInto( 'injectHere',  './content/GTK3/Migrating/Migrating libunique/Uniqueness.html', 'Uniqueness
<a href='#3.22Changes' onclick="injectContentInto( 'injectHere',  './content/GTK3/Migrating/Migrating 3/3.22 Changes.html', '3.22 Changes
<a href='#3.6Changes' onclick="injectContentInto( 'injectHere',  './content/GTK3/Migrating/Migrating 3/3.6 Changes.html', '3.6 Changes
<a href='#Migrating3' onclick="injectContentInto( 'injectHere',  './content/GTK3/Migrating/Migrating 3/Migrating 3.html', 'Migrating 3
<a href='#3.20Changes' onclick="injectContentInto( 'injectHere',  './content/GTK3/Migrating/Migrating 3/3.20 Changes.html', '3.20 Changes
<a href='#3.4Changes' onclick="injectContentInto( 'injectHere',  './content/GTK3/Migrating/Migrating 3/3.4 Changes.html', '3.4 Changes
<a href='#3.16Changes' onclick="injectContentInto( 'injectHere',  './content/GTK3/Migrating/Migrating 3/3.16 Changes.html', '3.16 Changes
<a href='#3.12Changes' onclick="injectContentInto( 'injectHere',  './content/GTK3/Migrating/Migrating 3/3.12 Changes.html', '3.12 Changes
<a href='#3.2Changes' onclick="injectContentInto( 'injectHere',  './content/GTK3/Migrating/Migrating 3/3.2 Changes.html', '3.2 Changes
<a href='#3.18Changes' onclick="injectContentInto( 'injectHere',  './content/GTK3/Migrating/Migrating 3/3.18 Changes.html', '3.18 Changes
<a href='#3.10Changes' onclick="injectContentInto( 'injectHere',  './content/GTK3/Migrating/Migrating 3/3.10 Changes.html', '3.10 Changes
<a href='#3.8Changes' onclick="injectContentInto( 'injectHere',  './content/GTK3/Migrating/Migrating 3/3.8 Changes.html', '3.8 Changes
<a href='#3.14Changes' onclick="injectContentInto( 'injectHere',  './content/GTK3/Migrating/Migrating 3/3.14 Changes.html', '3.14 Changes
<a href='#MigratingEggSMClient' onclick="injectContentInto( 'injectHere',  './content/GTK3/Migrating/Migrating EggSMClient.html', 'Migrating EggSMClient
<a href='#Trivialapp' onclick="injectContentInto( 'injectHere',  './content/GTK3/Overview/getting started/building apps/Trivial app.html', 'Trivial app
<a href='#Appmenu' onclick="injectContentInto( 'injectHere',  './content/GTK3/Overview/getting started/building apps/App menu.html', 'App menu
<a href='#Headerbar' onclick="injectContentInto( 'injectHere',  './content/GTK3/Overview/getting started/building apps/Header bar.html', 'Header bar
<a href='#Properties' onclick="injectContentInto( 'injectHere',  './content/GTK3/Overview/getting started/building apps/Properties.html', 'Properties
<a href='#Buildingapps' onclick="injectContentInto( 'injectHere',  './content/GTK3/Overview/getting started/building apps/Building apps.html', 'Building apps
<a href='#Populatingwindow' onclick="injectContentInto( 'injectHere',  './content/GTK3/Overview/getting started/building apps/Populating window.html', 'Populating window
<a href='#Openingfiles' onclick="injectContentInto( 'injectHere',  './content/GTK3/Overview/getting started/building apps/Opening files.html', 'Opening files
<a href='#Sidebar' onclick="injectContentInto( 'injectHere',  './content/GTK3/Overview/getting started/building apps/Side bar.html', 'Side bar
<a href='#Preferencedialog' onclick="injectContentInto( 'injectHere',  './content/GTK3/Overview/getting started/building apps/Preference dialog.html', 'Preference dialog
<a href='#Searchbar' onclick="injectContentInto( 'injectHere',  './content/GTK3/Overview/getting started/building apps/Search bar.html', 'Search bar
<a href='#CustomDrawing' onclick="injectContentInto( 'injectHere',  './content/GTK3/Overview/getting started/Custom Drawing.html', 'Custom Drawing
<a href='#Basics' onclick="injectContentInto( 'injectHere',  './content/GTK3/Overview/getting started/Basics.html', 'Basics
<a href='#GettingStarted' onclick="injectContentInto( 'injectHere',  './content/GTK3/Overview/getting started/Getting Started.html', 'Getting Started
<a href='#Packing' onclick="injectContentInto( 'injectHere',  './content/GTK3/Overview/getting started/Packing.html', 'Packing
<a href='#Buildinginterfaces' onclick="injectContentInto( 'injectHere',  './content/GTK3/Overview/getting started/Building interfaces.html', 'Building interfaces
<a href='#GTKOverview' onclick="injectContentInto( 'injectHere',  './content/GTK3/Overview/GTK Overview.html', 'GTK Overview
<a href='#InputEventHandling' onclick="injectContentInto( 'injectHere',  './content/GTK3/Overview/Input Event Handling.html', 'Input Event Handling
<a href='#CommonQuestions' onclick="injectContentInto( 'injectHere',  './content/GTK3/Overview/Common Questions.html', 'Common Questions
<a href='#Mailinglists' onclick="injectContentInto( 'injectHere',  './content/GTK3/Overview/Mailing lists.html', 'Mailing lists
<a href='#DrawingModel' onclick="injectContentInto( 'injectHere',  './content/GTK3/Overview/Drawing Model.html', 'Drawing Model
<a href='#GTKTools' onclick="injectContentInto( 'injectHere',  './content/GTK3/Tools/GTK Tools.html', 'GTK Tools
<a href='#AnnotationGlossary' onclick="injectContentInto( 'injectHere',  './content/GTK3/Annotation Glossary/Annotation Glossary.html', 'Annotation Glossary
<a href='#_GTK3' onclick="injectContentInto( 'injectHere',  './content/GTK3/_GTK3.html', '_GTK3
<a href='#GTKPlatformSupport' onclick="injectContentInto( 'injectHere',  './content/GTK3/Platform Support/GTK Platform Support.html', 'GTK Platform Support
<a href='#RegEx' onclick="injectContentInto( 'injectHere',  './content/RegEx.html', 'RegEx
<a href='#_index' onclick="injectContentInto( 'injectHere',  './content/_index.html', '_index
<a href='#_page2' onclick="injectContentInto( 'injectHere',  './content/_page2.html', '_page2
<a href='#_page3' onclick="injectContentInto( 'injectHere',  './content/_page3.html', '_page3
<a href='#index' onclick="injectContentInto( 'injectHere',  './index.html', 'index
<a href='#history_base' onclick="injectContentInto( 'injectHere',  './history_base.html', 'history_base
', '
', '
', '
', '
', '
', '
', '
', '
', '
